#
# There is insufficient memory for the Java Runtime Environment to continue.
# Native memory allocation (mmap) failed to map 65536 bytes for Failed to commit metaspace.
# Possible reasons:
#   The system is out of physical RAM or swap space
#   The process is running with CompressedOops enabled, and the Java Heap may be blocking the growth of the native heap
# Possible solutions:
#   Reduce memory load on the system
#   Increase physical memory or swap space
#   Check if swap backing store is full
#   Decrease Java heap size (-Xmx/-Xms)
#   Decrease number of Java threads
#   Decrease Java thread stack sizes (-Xss)
#   Set larger code cache with -XX:ReservedCodeCacheSize=
#   JVM is running with Unscaled Compressed Oops mode in which the Java heap is
#     placed in the first 4GB address space. The Java Heap base address is the
#     maximum limit for the native heap growth. Please use -XX:HeapBaseMinAddress
#     to set the Java Heap base and to place the Java Heap above 4GB virtual address.
# This output file may be truncated or incomplete.
#
#  Out of Memory Error (virtualSpaceNode.cpp:112), pid=7360, tid=10864
#
# JRE version: Java(TM) SE Runtime Environment (21.0.2+13) (build 21.0.2+13-LTS-58)
# Java VM: Java HotSpot(TM) 64-Bit Server VM (21.0.2+13-LTS-58, mixed mode, sharing, tiered, compressed oops, compressed class ptrs, g1 gc, windows-amd64)
# No core dump will be written. Minidumps are not enabled by default on client versions of Windows
#

---------------  S U M M A R Y ------------

Command Line: -Dfile.encoding=UTF-8 -Dstdout.encoding=UTF-8 -Dstderr.encoding=UTF-8 -XX:+ShowCodeDetailsInExceptionMessages com.main.e_commerce.ECommerceApplication

Host: Intel(R) Core(TM) i5-6300U CPU @ 2.40GHz, 4 cores, 7G,  Windows 10 , 64 bit Build 19041 (10.0.19041.4717)
Time: Mon Aug 26 22:33:48 2024 India Standard Time elapsed time: 1.504327 seconds (0d 0h 0m 1s)

---------------  T H R E A D  ---------------

Current thread (0x0000018fe7c73630):  JavaThread "restartedMain"        [_thread_in_vm, id=10864, stack(0x0000008895b00000,0x0000008895c00000) (1024K)]

Stack: [0x0000008895b00000,0x0000008895c00000]
Native frames: (J=compiled Java code, j=interpreted, Vv=VM code, C=native code)
V  [jvm.dll+0x6cade9]
V  [jvm.dll+0x8569c1]
V  [jvm.dll+0x858d2e]
V  [jvm.dll+0x859413]
V  [jvm.dll+0x280e56]
V  [jvm.dll+0x8526ee]
V  [jvm.dll+0x66e705]
V  [jvm.dll+0x1e68cc]
V  [jvm.dll+0x1e669e]
V  [jvm.dll+0x67104c]
V  [jvm.dll+0x670e62]
V  [jvm.dll+0x66f0de]
V  [jvm.dll+0x679347]
V  [jvm.dll+0x217b73]
V  [jvm.dll+0x2180b5]
V  [jvm.dll+0x218ad1]
V  [jvm.dll+0x20dd9e]
V  [jvm.dll+0x5ad3dc]
V  [jvm.dll+0x7cf5e6]
V  [jvm.dll+0x470270]
V  [jvm.dll+0x475ef8]
C  [java.dll+0x17ec]

Java frames: (J=compiled Java code, j=interpreted, Vv=VM code)
J 1051  java.lang.ClassLoader.defineClass1(Ljava/lang/ClassLoader;Ljava/lang/String;[BIILjava/security/ProtectionDomain;Ljava/lang/String;)Ljava/lang/Class; java.base@21.0.2 (0 bytes) @ 0x0000018f95aa0911 [0x0000018f95aa0840+0x00000000000000d1]
J 1168 c1 java.lang.ClassLoader.defineClass(Ljava/lang/String;[BIILjava/security/ProtectionDomain;)Ljava/lang/Class; java.base@21.0.2 (43 bytes) @ 0x0000018f8e179cfc [0x0000018f8e1799a0+0x000000000000035c]
J 1055 c1 java.security.SecureClassLoader.defineClass(Ljava/lang/String;[BIILjava/security/CodeSource;)Ljava/lang/Class; java.base@21.0.2 (16 bytes) @ 0x0000018f8e14789c [0x0000018f8e1477c0+0x00000000000000dc]
J 787 c1 jdk.internal.loader.BuiltinClassLoader.defineClass(Ljava/lang/String;Ljdk/internal/loader/Resource;)Ljava/lang/Class; java.base@21.0.2 (121 bytes) @ 0x0000018f8e0c5844 [0x0000018f8e0c48c0+0x0000000000000f84]
J 923 c1 jdk.internal.loader.BuiltinClassLoader.findClassOnClassPathOrNull(Ljava/lang/String;)Ljava/lang/Class; java.base@21.0.2 (64 bytes) @ 0x0000018f8e103ca4 [0x0000018f8e102fa0+0x0000000000000d04]
J 451 c1 jdk.internal.loader.BuiltinClassLoader.loadClassOrNull(Ljava/lang/String;Z)Ljava/lang/Class; java.base@21.0.2 (143 bytes) @ 0x0000018f8e024444 [0x0000018f8e0239e0+0x0000000000000a64]
J 772 c1 jdk.internal.loader.ClassLoaders$AppClassLoader.loadClass(Ljava/lang/String;Z)Ljava/lang/Class; java.base@21.0.2 (40 bytes) @ 0x0000018f8e0bcbc4 [0x0000018f8e0bc9e0+0x00000000000001e4]
J 771 c1 java.lang.ClassLoader.loadClass(Ljava/lang/String;)Ljava/lang/Class; java.base@21.0.2 (7 bytes) @ 0x0000018f8e0bc6d4 [0x0000018f8e0bc5c0+0x0000000000000114]
v  ~StubRoutines::call_stub 0x0000018f954a100d
j  org.springframework.context.annotation.ClassPathBeanDefinitionScanner.<init>(Lorg/springframework/beans/factory/support/BeanDefinitionRegistry;ZLorg/springframework/core/env/Environment;Lorg/springframework/core/io/ResourceLoader;)V+5
j  org.springframework.context.annotation.ClassPathBeanDefinitionScanner.<init>(Lorg/springframework/beans/factory/support/BeanDefinitionRegistry;ZLorg/springframework/core/env/Environment;)V+23
j  org.springframework.context.annotation.ClassPathBeanDefinitionScanner.<init>(Lorg/springframework/beans/factory/support/BeanDefinitionRegistry;Z)V+7
j  org.springframework.context.annotation.ClassPathBeanDefinitionScanner.<init>(Lorg/springframework/beans/factory/support/BeanDefinitionRegistry;)V+3
j  org.springframework.boot.web.servlet.context.AnnotationConfigServletWebServerApplicationContext.<init>()V+33
j  org.springframework.boot.web.servlet.context.ServletWebServerApplicationContextFactory.createContext()Lorg/springframework/context/ConfigurableApplicationContext;+10
j  org.springframework.boot.web.servlet.context.ServletWebServerApplicationContextFactory.create(Lorg/springframework/boot/WebApplicationType;)Lorg/springframework/context/ConfigurableApplicationContext;+12
j  org.springframework.boot.DefaultApplicationContextFactory$$Lambda+0x0000018fa314b338.apply(Ljava/lang/Object;Ljava/lang/Object;)Ljava/lang/Object;+8
j  org.springframework.boot.DefaultApplicationContextFactory.getFromSpringFactories(Lorg/springframework/boot/WebApplicationType;Ljava/util/function/BiFunction;Ljava/util/function/Supplier;)Ljava/lang/Object;+45
j  org.springframework.boot.DefaultApplicationContextFactory.create(Lorg/springframework/boot/WebApplicationType;)Lorg/springframework/context/ConfigurableApplicationContext;+13
j  org.springframework.boot.SpringApplication.createApplicationContext()Lorg/springframework/context/ConfigurableApplicationContext;+8
j  org.springframework.boot.SpringApplication.run([Ljava/lang/String;)Lorg/springframework/context/ConfigurableApplicationContext;+76
j  org.springframework.boot.SpringApplication.run([Ljava/lang/Class;[Ljava/lang/String;)Lorg/springframework/context/ConfigurableApplicationContext;+9
j  org.springframework.boot.SpringApplication.run(Ljava/lang/Class;[Ljava/lang/String;)Lorg/springframework/context/ConfigurableApplicationContext;+9
j  com.main.e_commerce.ECommerceApplication.main([Ljava/lang/String;)V+3
j  java.lang.invoke.LambdaForm$DMH+0x0000018fa3094400.invokeStatic(Ljava/lang/Object;Ljava/lang/Object;)V+10 java.base@21.0.2
j  java.lang.invoke.LambdaForm$MH+0x0000018fa3095c00.invoke(Ljava/lang/Object;Ljava/lang/Object;Ljava/lang/Object;)Ljava/lang/Object;+33 java.base@21.0.2
j  java.lang.invoke.Invokers$Holder.invokeExact_MT(Ljava/lang/Object;Ljava/lang/Object;Ljava/lang/Object;Ljava/lang/Object;)Ljava/lang/Object;+20 java.base@21.0.2
j  jdk.internal.reflect.DirectMethodHandleAccessor.invokeImpl(Ljava/lang/Object;[Ljava/lang/Object;)Ljava/lang/Object;+55 java.base@21.0.2
j  jdk.internal.reflect.DirectMethodHandleAccessor.invoke(Ljava/lang/Object;[Ljava/lang/Object;)Ljava/lang/Object;+23 java.base@21.0.2
j  java.lang.reflect.Method.invoke(Ljava/lang/Object;[Ljava/lang/Object;)Ljava/lang/Object;+102 java.base@21.0.2
j  org.springframework.boot.devtools.restart.RestartLauncher.run()V+47
v  ~StubRoutines::call_stub 0x0000018f954a100d

Compiled method (n/a)    1564 1051     n 0       java.lang.ClassLoader::defineClass1 (native)
 total in heap  [0x0000018f95aa0690,0x0000018f95aa0cf0] = 1632
 relocation     [0x0000018f95aa07f0,0x0000018f95aa0828] = 56
 main code      [0x0000018f95aa0840,0x0000018f95aa0cef] = 1199
 stub code      [0x0000018f95aa0cef,0x0000018f95aa0cf0] = 1

[Constant Pool (empty)]

[MachCode]
[Entry Point]
  # {method} {0x0000018fa243cd80} 'defineClass1' '(Ljava/lang/ClassLoader;Ljava/lang/String;[BIILjava/security/ProtectionDomain;Ljava/lang/String;)Ljava/lang/Class;' in 'java/lang/ClassLoader'
  # parm0:    rdx:rdx   = 'java/lang/ClassLoader'
  # parm1:    r8:r8     = 'java/lang/String'
  # parm2:    r9:r9     = '[B'
  # parm3:    rdi       = int
  # parm4:    rsi       = int
  # parm5:    rcx:rcx   = 'java/security/ProtectionDomain'
  # parm6:    [sp+0xa0]   = 'java/lang/String'  (sp of caller)
  0x0000018f95aa0840: 448b 5208 | 49bb 0000 | 00a2 8f01 | 0000 4d03 | d349 3bc2 | 0f84 0600 

  0x0000018f95aa0858: ;   {runtime_call ic_miss_stub}
  0x0000018f95aa0858: 0000 e921 | dfa4 ff90 
[Verified Entry Point]
  0x0000018f95aa0860: 8984 2400 | 80ff ff55 | 488b ec48 | 81ec 9000 | 0000 6690 | 4181 7f20 | 0100 0000 

  0x0000018f95aa087c: ;   {runtime_call StubRoutines (final stubs)}
  0x0000018f95aa087c: 7405 e8dd | 44a3 ff48 | 837d 1000 | 488d 4510 | 480f 4445 | 1048 8944 | 2440 4889 | 4c24 7048 
  0x0000018f95aa089c: 83f9 0048 | 8d44 2470 | 480f 4444 | 2470 4889 | 4424 3848 | 8974 2430 | 4889 7c24 | 284c 894c 
  0x0000018f95aa08bc: 2458 4983 | f900 488d | 4424 5848 | 0f44 4424 | 5848 8944 | 2420 4c89 | 4424 5049 | 83f8 004c 
  0x0000018f95aa08dc: 8d4c 2450 | 4c0f 444c | 2450 4889 | 5424 4848 | 83fa 004c | 8d44 2448 | 4c0f 4444 

  0x0000018f95aa08f8: ;   {oop(a 'java/lang/Class'{0x0000000083006948} = 'java/lang/ClassLoader')}
  0x0000018f95aa08f8: 2448 49be | 4869 0083 | 0000 0000 | 4c89 7424 | 784c 8d74 | 2478 498b | d6c5 f877 

  0x0000018f95aa0914: ;   {internal_word}
  0x0000018f95aa0914: 49ba 1109 | aa95 8f01 | 0000 4d89 | 97a0 0300 | 0049 89a7 | 9803 0000 

  0x0000018f95aa092c: ;   {external_word}
  0x0000018f95aa092c: 49ba f945 | 3fe1 ff7f | 0000 4180 | 3a00 0f84 | 4e00 0000 | 5241 5041 

  0x0000018f95aa0944: ;   {metadata({method} {0x0000018fa243cd80} 'defineClass1' '(Ljava/lang/ClassLoader;Ljava/lang/String;[BIILjava/security/ProtectionDomain;Ljava/lang/String;)Ljava/lang/Class;' in 'java/lang/ClassLoader')}
  0x0000018f95aa0944: 5148 ba78 | cd43 a28f | 0100 0049 | 8bcf 4883 | ec20 40f6 | c40f 0f84 | 1900 0000 | 4883 ec08 
  0x0000018f95aa0964: ;   {runtime_call}
  0x0000018f95aa0964: 48b8 4009 | f0e0 ff7f | 0000 ffd0 | 4883 c408 | e90c 0000 

  0x0000018f95aa0978: ;   {runtime_call}
  0x0000018f95aa0978: 0048 b840 | 09f0 e0ff | 7f00 00ff | d048 83c4 | 2041 5941 | 585a 498d | 8fb8 0300 | 0041 c787 
  0x0000018f95aa0998: 4c04 0000 | 0400 0000 

  0x0000018f95aa09a0: ;   {runtime_call}
  0x0000018f95aa09a0: 48b8 ac16 | f965 f87f | 0000 ffd0 | c5f8 7741 | c787 4c04 | 0000 0500 | 0000 f083 | 4424 c000 
  0x0000018f95aa09c0: 493b af50 | 0400 000f | 870e 0000 | 0041 83bf | 4804 0000 | 000f 842b | 0000 00c5 | f877 4889 
  0x0000018f95aa09e0: 45f8 498b | cf4c 8be4 | 4883 ec20 | 4883 e4f0 

  0x0000018f95aa09f0: ;   {runtime_call}
  0x0000018f95aa09f0: 48b8 d0c3 | bbe0 ff7f | 0000 ffd0 | 498b e44d | 33e4 488b | 45f8 41c7 | 874c 0400 | 0008 0000 
  0x0000018f95aa0a10: 0041 83bf | c804 0000 | 020f 84a3 

  0x0000018f95aa0a1c: ;   {external_word}
  0x0000018f95aa0a1c: 0200 0049 | baf9 453f | e1ff 7f00 | 0041 803a | 000f 844c | 0000 0048 

  0x0000018f95aa0a34: ;   {metadata({method} {0x0000018fa243cd80} 'defineClass1' '(Ljava/lang/ClassLoader;Ljava/lang/String;[BIILjava/security/ProtectionDomain;Ljava/lang/String;)Ljava/lang/Class;' in 'java/lang/ClassLoader')}
  0x0000018f95aa0a34: 8945 f848 | ba78 cd43 | a28f 0100 | 0049 8bcf | 4883 ec20 | 40f6 c40f | 0f84 1900 | 0000 4883 
  0x0000018f95aa0a54: ;   {runtime_call}
  0x0000018f95aa0a54: ec08 48b8 | 4009 f0e0 | ff7f 0000 | ffd0 4883 | c408 e90c 

  0x0000018f95aa0a68: ;   {runtime_call}
  0x0000018f95aa0a68: 0000 0048 | b840 09f0 | e0ff 7f00 | 00ff d048 | 83c4 2048 | 8b45 f849 | c787 9803 | 0000 0000 
  0x0000018f95aa0a88: 0000 49c7 | 87a0 0300 | 0000 0000 | 00c5 f877 | 4885 c00f | 84fe 0100 | 00a8 030f | 8508 0000 
  0x0000018f95aa0aa8: 0048 8b00 | e9ee 0100 | 00a8 010f | 8509 0000 | 0048 8b40 | fee9 dd01 | 0000 488b | 40ff 4180 
  0x0000018f95aa0ac8: 7f40 000f | 84ce 0100 | 0048 83f8 | 000f 84c4 | 0100 0049 | 8b4f 2848 | 83f9 000f | 8414 0000 
  0x0000018f95aa0ae8: 0048 83e9 | 0849 894f | 2849 034f | 3848 8901 | e9a2 0100 | 0048 81ec | d000 0000 | 4889 0424 
  0x0000018f95aa0b08: 4889 4c24 | 0848 8954 | 2410 4889 | 7424 1848 | 897c 2420 | 4c89 4424 | 284c 894c | 2430 4c89 
  0x0000018f95aa0b28: 5424 384c | 895c 2440 | c5fb 1144 | 2450 c5fb | 114c 2458 | c5fb 1154 | 2460 c5fb | 115c 2468 
  0x0000018f95aa0b48: c5fb 1164 | 2470 c5fb | 116c 2478 | c5fb 11b4 | 2480 0000 | 00c5 fb11 | bc24 8800 | 0000 c57b 
  0x0000018f95aa0b68: ;   {no_reloc}
  0x0000018f95aa0b68: 1184 2490 | 0000 00c5 | 7b11 8c24 | 9800 0000 | c57b 1194 | 24a0 0000 | 00c5 7b11 | 9c24 a800 
  0x0000018f95aa0b88: 0000 c57b | 11a4 24b0 | 0000 00c5 | 7b11 ac24 | b800 0000 | c57b 11b4 | 24c0 0000 | 00c5 7b11 
  0x0000018f95aa0ba8: bc24 c800 | 0000 498b | d748 8bc8 | 4883 ec20 | 40f6 c40f | 0f84 1900 | 0000 4883 

  0x0000018f95aa0bc4: ;   {runtime_call}
  0x0000018f95aa0bc4: ec08 48b8 | 9026 afe0 | ff7f 0000 | ffd0 4883 | c408 e90c 

  0x0000018f95aa0bd8: ;   {runtime_call}
  0x0000018f95aa0bd8: 0000 0048 | b890 26af | e0ff 7f00 | 00ff d048 | 83c4 20c5 | 7b10 bc24 | c800 0000 | c57b 10b4 
  0x0000018f95aa0bf8: 24c0 0000 | 00c5 7b10 | ac24 b800 | 0000 c57b | 10a4 24b0 | 0000 00c5 | 7b10 9c24 | a800 0000 
  0x0000018f95aa0c18: c57b 1094 | 24a0 0000 | 00c5 7b10 | 8c24 9800 | 0000 c57b | 1084 2490 | 0000 00c5 | fb10 bc24 
  0x0000018f95aa0c38: 8800 0000 | c5fb 10b4 | 2480 0000 | 00c5 fb10 | 6c24 78c5 | fb10 6424 | 70c5 fb10 | 5c24 68c5 
  0x0000018f95aa0c58: fb10 5424 | 60c5 fb10 | 4c24 58c5 | fb10 4424 | 504c 8b5c | 2440 4c8b | 5424 384c | 8b4c 2430 
  0x0000018f95aa0c78: 4c8b 4424 | 2848 8b7c | 2420 488b | 7424 1848 | 8b54 2410 | 488b 4c24 | 0848 8b04 | 2448 81c4 
  0x0000018f95aa0c98: d000 0000 | c5f8 7749 | 8b8f 2804 | 0000 c781 | 0001 0000 | 0000 0000 | c949 837f | 0800 0f85 
  0x0000018f95aa0cb8: 0100 0000 

  0x0000018f95aa0cbc: ;   {runtime_call StubRoutines (initial stubs)}
  0x0000018f95aa0cbc: c3e9 3e02 | a0ff c5f8 | 7748 8945 | f84c 8be4 | 4883 ec20 | 4883 e4f0 

  0x0000018f95aa0cd4: ;   {runtime_call}
  0x0000018f95aa0cd4: 48b8 7041 | f0e0 ff7f | 0000 ffd0 | 498b e44d | 33e4 488b | 45f8 e930 | fdff fff4 
[/MachCode]


Compiled method (c1)    1592 1168       3       java.lang.ClassLoader::defineClass (43 bytes)
 total in heap  [0x0000018f8e179790,0x0000018f8e17a0e8] = 2392
 relocation     [0x0000018f8e1798f0,0x0000018f8e179990] = 160
 main code      [0x0000018f8e1799a0,0x0000018f8e179e40] = 1184
 stub code      [0x0000018f8e179e40,0x0000018f8e179eb8] = 120
 metadata       [0x0000018f8e179eb8,0x0000018f8e179ee8] = 48
 scopes data    [0x0000018f8e179ee8,0x0000018f8e179fd8] = 240
 scopes pcs     [0x0000018f8e179fd8,0x0000018f8e17a0b8] = 224
 dependencies   [0x0000018f8e17a0b8,0x0000018f8e17a0c0] = 8
 nul chk table  [0x0000018f8e17a0c0,0x0000018f8e17a0e8] = 40

[Constant Pool (empty)]

[MachCode]
[Entry Point]
  # {method} {0x0000018fa243d100} 'defineClass' '(Ljava/lang/String;[BIILjava/security/ProtectionDomain;)Ljava/lang/Class;' in 'java/lang/ClassLoader'
  # this:     rdx:rdx   = 'java/lang/ClassLoader'
  # parm0:    r8:r8     = 'java/lang/String'
  # parm1:    r9:r9     = '[B'
  # parm2:    rdi       = int
  # parm3:    rsi       = int
  # parm4:    rcx:rcx   = 'java/security/ProtectionDomain'
  #           [sp+0xc0]  (sp of caller)
  0x0000018f8e1799a0: 448b 5208 | 49bb 0000 | 00a2 8f01 | 0000 4d03 | d34c 3bd0 

  0x0000018f8e1799b4: ;   {runtime_call ic_miss_stub}
  0x0000018f8e1799b4: 0f85 c64d | 3707 660f | 1f44 0000 
[Verified Entry Point]
  0x0000018f8e1799c0: 8984 2400 | 80ff ff55 | 4881 ecb0 | 0000 0090 | 4181 7f20 | 0100 0000 

  0x0000018f8e1799d8: ;   {runtime_call StubRoutines (final stubs)}
  0x0000018f8e1799d8: 7405 e881 | b335 0748 | 8954 2478 

  0x0000018f8e1799e4: ;   {metadata(method data for {method} {0x0000018fa243d100} 'defineClass' '(Ljava/lang/String;[BIILjava/security/ProtectionDomain;)Ljava/lang/Class;' in 'java/lang/ClassLoader')}
  0x0000018f8e1799e4: 48bb f0fe | 23e3 8f01 | 0000 8b83 | cc00 0000 | 83c0 0289 | 83cc 0000 | 0025 fe07 | 0000 85c0 
  0x0000018f8e179a04: 0f84 5803 | 0000 89b4 | 2494 0000 | 0089 bc24 | 9000 0000 | 4c89 8c24 | 8800 0000 

  0x0000018f8e179a20: ;   {metadata(method data for {method} {0x0000018fa243d100} 'defineClass' '(Ljava/lang/String;[BIILjava/security/ProtectionDomain;)Ljava/lang/Class;' in 'java/lang/ClassLoader')}
  0x0000018f8e179a20: 488b da48 | b8f0 fe23 | e38f 0100 | 0048 8380 | 1001 0000 | 0149 8bd8 | 4c8b c34c | 8bc9 488b 
  0x0000018f8e179a40: ca48 8bd1 | 4889 9c24 | 8000 0000 

  0x0000018f8e179a4c: ;   {optimized virtual_call}
  0x0000018f8e179a4c: 6666 90e8 

  0x0000018f8e179a50: ; ImmutableOopMap {[120]=Oop [128]=Oop [136]=Oop }
                      ;*invokevirtual preDefineClass {reexecute=0 rethrow=0 return_oop=0}
                      ; - java.lang.ClassLoader::defineClass@4 (line 1025)
  0x0000018f8e179a50: 4cb7 ffff 

  0x0000018f8e179a54: ;   {other}
  0x0000018f8e179a54: 0f1f 8400 | c402 0000 | 4889 8424 | 9800 0000 | 488b 5424 

  0x0000018f8e179a68: ;   {metadata(method data for {method} {0x0000018fa243d100} 'defineClass' '(Ljava/lang/String;[BIILjava/security/ProtectionDomain;)Ljava/lang/Class;' in 'java/lang/ClassLoader')}
  0x0000018f8e179a68: 7849 b8f0 | fe23 e38f | 0100 0049 | 8380 4801 

  0x0000018f8e179a78: ;   {metadata(method data for {method} {0x0000018fa243cde8} 'defineClassSourceLocation' '(Ljava/security/ProtectionDomain;)Ljava/lang/String;' in 'java/lang/ClassLoader')}
  0x0000018f8e179a78: 0000 0149 | b860 a029 | e38f 0100 | 0041 8b90 | cc00 0000 | 83c2 0241 | 8990 cc00 | 0000 81e2 
  0x0000018f8e179a98: feff 1f00 | 85d2 0f84 | df02 0000 

  0x0000018f8e179aa4: ; implicit exception: dispatches to 0x0000018f8e179da4
  0x0000018f8e179aa4: 483b 004c 

  0x0000018f8e179aa8: ;   {metadata(method data for {method} {0x0000018fa243cde8} 'defineClassSourceLocation' '(Ljava/security/ProtectionDomain;)Ljava/lang/String;' in 'java/lang/ClassLoader')}
  0x0000018f8e179aa8: 8bc0 48ba | 60a0 29e3 | 8f01 0000 | 4883 8210 | 0100 0001 | 448b 4010 

  0x0000018f8e179ac0: ;   {metadata(method data for {method} {0x0000018fa243cde8} 'defineClassSourceLocation' '(Ljava/security/ProtectionDomain;)Ljava/lang/String;' in 'java/lang/ClassLoader')}
  0x0000018f8e179ac0: 4d85 c048 | ba60 a029 | e38f 0100 | 0048 be58 | 0100 0000 | 0000 0075 | 0a48 be48 | 0100 0000 
  0x0000018f8e179ae0: 0000 0048 | 8b3c 3248 | 8d7f 0148 | 893c 320f | 850f 0000 

  0x0000018f8e179af4: ;   {oop(nullptr)}
  0x0000018f8e179af4: 0048 bb00 | 0000 0000 | 0000 00e9 | a301 0000 

  0x0000018f8e179b04: ; implicit exception: dispatches to 0x0000018f8e179da9
  0x0000018f8e179b04: 493b 0049 

  0x0000018f8e179b08: ;   {metadata(method data for {method} {0x0000018fa243cde8} 'defineClassSourceLocation' '(Ljava/security/ProtectionDomain;)Ljava/lang/String;' in 'java/lang/ClassLoader')}
  0x0000018f8e179b08: 8bd0 48be | 60a0 29e3 | 8f01 0000 | 4883 8668 | 0100 0001 | 418b 500c 

  0x0000018f8e179b20: ;   {metadata(method data for {method} {0x0000018fa243cde8} 'defineClassSourceLocation' '(Ljava/security/ProtectionDomain;)Ljava/lang/String;' in 'java/lang/ClassLoader')}
  0x0000018f8e179b20: 4885 d248 | be60 a029 | e38f 0100 | 0048 bfb0 | 0100 0000 | 0000 0075 | 0a48 bfa0 | 0100 0000 
  0x0000018f8e179b40: 0000 0048 | 8b1c 3e48 | 8d5b 0148 | 891c 3e0f | 850f 0000 

  0x0000018f8e179b54: ;   {oop(nullptr)}
  0x0000018f8e179b54: 0048 bb00 | 0000 0000 | 0000 00e9 | 4301 0000 

  0x0000018f8e179b64: ;   {metadata(method data for {method} {0x0000018fa243cde8} 'defineClassSourceLocation' '(Ljava/security/ProtectionDomain;)Ljava/lang/String;' in 'java/lang/ClassLoader')}
  0x0000018f8e179b64: 48be 60a0 | 29e3 8f01 | 0000 4883 | 86c0 0100 | 0001 483b | 024c 8bc2 

  0x0000018f8e179b7c: ;   {metadata(method data for {method} {0x0000018fa243cde8} 'defineClassSourceLocation' '(Ljava/security/ProtectionDomain;)Ljava/lang/String;' in 'java/lang/ClassLoader')}
  0x0000018f8e179b7c: 48be 60a0 | 29e3 8f01 | 0000 4883 | 86f8 0100 

  0x0000018f8e179b8c: ;   {metadata(method data for {method} {0x0000018fa201aa98} 'toString' '()Ljava/lang/String;' in 'java/net/URL')}
  0x0000018f8e179b8c: 0001 49b8 | 58dc 16e3 | 8f01 0000 | 418b b0cc | 0000 0083 | c602 4189 | b0cc 0000 | 0081 e6fe 
  0x0000018f8e179bac: ff1f 0085 | f60f 84fc | 0100 004c 

  0x0000018f8e179bb8: ;   {metadata(method data for {method} {0x0000018fa201aa98} 'toString' '()Ljava/lang/String;' in 'java/net/URL')}
  0x0000018f8e179bb8: 8bc2 48be | 58dc 16e3 | 8f01 0000 | 4883 8610 | 0100 0001 

  0x0000018f8e179bcc: ;   {metadata(method data for {method} {0x0000018fa2430a00} 'toExternalForm' '()Ljava/lang/String;' in 'java/net/URL')}
  0x0000018f8e179bcc: 49b8 e0dd | 16e3 8f01 | 0000 418b | b0cc 0000 | 0083 c602 | 4189 b0cc | 0000 0081 | e6fe ff1f 
  0x0000018f8e179bec: 0085 f60f | 84df 0100 | 008b 7238 

  0x0000018f8e179bf8: ; implicit exception: dispatches to 0x0000018f8e179df5
  0x0000018f8e179bf8: 483b 064c 

  0x0000018f8e179bfc: ;   {metadata(method data for {method} {0x0000018fa2430a00} 'toExternalForm' '()Ljava/lang/String;' in 'java/net/URL')}
  0x0000018f8e179bfc: 8bc6 48bf | e0dd 16e3 | 8f01 0000 | 458b 4008 | 49ba 0000 | 00a2 8f01 | 0000 4d03 | c24c 3b87 
  0x0000018f8e179c1c: 2001 0000 | 750d 4883 | 8728 0100 | 0001 e960 | 0000 004c | 3b87 3001 | 0000 750d | 4883 8738 
  0x0000018f8e179c3c: 0100 0001 | e94a 0000 | 0048 83bf | 2001 0000 | 0075 174c | 8987 2001 | 0000 48c7 | 8728 0100 
  0x0000018f8e179c5c: 0001 0000 | 00e9 2900 | 0000 4883 | bf30 0100 | 0000 7517 | 4c89 8730 | 0100 0048 | c787 3801 
  0x0000018f8e179c7c: 0000 0100 | 0000 e908 | 0000 0048 | 8387 1001 | 0000 014c | 8bc2 488b 

  0x0000018f8e179c94: ;   {optimized virtual_call}
  0x0000018f8e179c94: d666 90e8 

  0x0000018f8e179c98: ; ImmutableOopMap {[120]=Oop [128]=Oop [136]=Oop [152]=Oop }
                      ;*invokevirtual toExternalForm {reexecute=0 rethrow=0 return_oop=0}
                      ; - java.net.URL::toExternalForm@5 (line 1203)
                      ; - java.net.URL::toString@1 (line 1189)
                      ; - java.lang.ClassLoader::defineClassSourceLocation@22 (line 927)
                      ; - java.lang.ClassLoader::defineClass@12 (line 1026)
  0x0000018f8e179c98: 040f f8ff 

  0x0000018f8e179c9c: ;   {other}
  0x0000018f8e179c9c: 0f1f 8400 | 0c05 0001 | 488b d848 | 8b84 2498 | 0000 008b | b424 9400 | 0000 8bbc | 2490 0000 
  0x0000018f8e179cbc: 004c 8b8c | 2488 0000 | 004c 8b84 | 2480 0000 | 0048 8b54 

  0x0000018f8e179cd0: ;   {metadata(method data for {method} {0x0000018fa243d100} 'defineClass' '(Ljava/lang/String;[BIILjava/security/ProtectionDomain;)Ljava/lang/Class;' in 'java/lang/ClassLoader')}
  0x0000018f8e179cd0: 2478 48b9 | f0fe 23e3 | 8f01 0000 | 4883 8180 | 0100 0001 | 4c8b da49 | 8bd3 488b | c848 891c 
  0x0000018f8e179cf0: 2466 0f1f 

  0x0000018f8e179cf4: ;   {static_call}
  0x0000018f8e179cf4: 4400 00e8 

  0x0000018f8e179cf8: ; ImmutableOopMap {[120]=Oop [152]=Oop }
                      ;*invokestatic defineClass1 {reexecute=0 rethrow=0 return_oop=0}
                      ; - java.lang.ClassLoader::defineClass@27 (line 1027)
  0x0000018f8e179cf8: 646b 9207 

  0x0000018f8e179cfc: ;   {other}
  0x0000018f8e179cfc: 0f1f 8400 | 6c05 0002 | 488b 5424 

  0x0000018f8e179d08: ;   {metadata(method data for {method} {0x0000018fa243d100} 'defineClass' '(Ljava/lang/String;[BIILjava/security/ProtectionDomain;)Ljava/lang/Class;' in 'java/lang/ClassLoader')}
  0x0000018f8e179d08: 7849 b8f0 | fe23 e38f | 0100 0049 | 8380 9001 | 0000 014c | 8bc0 4c8b | 8c24 9800 | 0000 488b 
  0x0000018f8e179d28: 5424 7848 | 8984 24a0 | 0000 000f 

  0x0000018f8e179d34: ;   {optimized virtual_call}
  0x0000018f8e179d34: 1f40 00e8 

  0x0000018f8e179d38: ; ImmutableOopMap {[160]=Oop }
                      ;*invokevirtual postDefineClass {reexecute=0 rethrow=0 return_oop=0}
                      ; - java.lang.ClassLoader::defineClass@37 (line 1028)
  0x0000018f8e179d38: e4ce ffff 

  0x0000018f8e179d3c: ;   {other}
  0x0000018f8e179d3c: 0f1f 8400 | ac05 0003 | 488b 8424 | a000 0000 | 4881 c4b0 | 0000 005d 

  0x0000018f8e179d54: ;   {poll_return}
  0x0000018f8e179d54: 493b a750 | 0400 000f | 8799 0000 

  0x0000018f8e179d60: ;   {metadata({method} {0x0000018fa243d100} 'defineClass' '(Ljava/lang/String;[BIILjava/security/ProtectionDomain;)Ljava/lang/Class;' in 'java/lang/ClassLoader')}
  0x0000018f8e179d60: 00c3 49ba | f8d0 43a2 | 8f01 0000 | 4c89 5424 | 0848 c704 | 24ff ffff 

  0x0000018f8e179d78: ;   {runtime_call counter_overflow Runtime1 stub}
  0x0000018f8e179d78: ffe8 82c0 

  0x0000018f8e179d7c: ; ImmutableOopMap {rdx=Oop r8=Oop r9=Oop rcx=Oop [120]=Oop }
                      ;*synchronization entry
                      ; - java.lang.ClassLoader::defineClass@-1 (line 1025)
  0x0000018f8e179d7c: 4307 e987 

  0x0000018f8e179d80: ;   {metadata({method} {0x0000018fa243cde8} 'defineClassSourceLocation' '(Ljava/security/ProtectionDomain;)Ljava/lang/String;' in 'java/lang/ClassLoader')}
  0x0000018f8e179d80: fcff ff49 | bae0 cd43 | a28f 0100 | 004c 8954 | 2408 48c7 | 0424 ffff 

  0x0000018f8e179d98: ;   {runtime_call counter_overflow Runtime1 stub}
  0x0000018f8e179d98: ffff e861 

  0x0000018f8e179d9c: ; ImmutableOopMap {rax=Oop [120]=Oop [128]=Oop [136]=Oop [152]=Oop }
                      ;*synchronization entry
                      ; - java.lang.ClassLoader::defineClassSourceLocation@-1 (line 924)
                      ; - java.lang.ClassLoader::defineClass@12 (line 1026)
  0x0000018f8e179d9c: c043 07e9 | 00fd ffff 

  0x0000018f8e179da4: ;   {runtime_call throw_null_pointer_exception Runtime1 stub}
  0x0000018f8e179da4: e857 5843 

  0x0000018f8e179da8: ; ImmutableOopMap {rax=Oop [120]=Oop [128]=Oop [136]=Oop [152]=Oop }
                      ;*invokevirtual getCodeSource {reexecute=0 rethrow=0 return_oop=0}
                      ; - java.lang.ClassLoader::defineClassSourceLocation@1 (line 924)
                      ; - java.lang.ClassLoader::defineClass@12 (line 1026)
                      ;   {runtime_call throw_null_pointer_exception Runtime1 stub}
  0x0000018f8e179da8: 07e8 5258 

  0x0000018f8e179dac: ; ImmutableOopMap {rax=Oop r8=Oop [120]=Oop [128]=Oop [136]=Oop [152]=Oop }
                      ;*invokevirtual getLocation {reexecute=0 rethrow=0 return_oop=0}
                      ; - java.lang.ClassLoader::defineClassSourceLocation@12 (line 926)
                      ; - java.lang.ClassLoader::defineClass@12 (line 1026)
                      ;   {runtime_call throw_null_pointer_exception Runtime1 stub}
  0x0000018f8e179dac: 4307 e84d 

  0x0000018f8e179db0: ; ImmutableOopMap {rdx=Oop [120]=Oop [128]=Oop [136]=Oop [152]=Oop }
                      ;*invokevirtual toString {reexecute=0 rethrow=0 return_oop=0}
                      ; - java.lang.ClassLoader::defineClassSourceLocation@22 (line 927)
                      ; - java.lang.ClassLoader::defineClass@12 (line 1026)
                      ;   {metadata({method} {0x0000018fa201aa98} 'toString' '()Ljava/lang/String;' in 'java/net/URL')}
  0x0000018f8e179db0: 5843 0749 | ba90 aa01 | a28f 0100 | 004c 8954 | 2408 48c7 | 0424 ffff 

  0x0000018f8e179dc8: ;   {runtime_call counter_overflow Runtime1 stub}
  0x0000018f8e179dc8: ffff e831 

  0x0000018f8e179dcc: ; ImmutableOopMap {rdx=Oop [120]=Oop [128]=Oop [136]=Oop [152]=Oop }
                      ;*synchronization entry
                      ; - java.net.URL::toString@-1 (line 1189)
                      ; - java.lang.ClassLoader::defineClassSourceLocation@22 (line 927)
                      ; - java.lang.ClassLoader::defineClass@12 (line 1026)
  0x0000018f8e179dcc: c043 07e9 | e3fd ffff 

  0x0000018f8e179dd4: ;   {metadata({method} {0x0000018fa2430a00} 'toExternalForm' '()Ljava/lang/String;' in 'java/net/URL')}
  0x0000018f8e179dd4: 49ba f809 | 43a2 8f01 | 0000 4c89 | 5424 0848 | c704 24ff 

  0x0000018f8e179de8: ;   {runtime_call counter_overflow Runtime1 stub}
  0x0000018f8e179de8: ffff ffe8 

  0x0000018f8e179dec: ; ImmutableOopMap {rdx=Oop [120]=Oop [128]=Oop [136]=Oop [152]=Oop }
                      ;*synchronization entry
                      ; - java.net.URL::toExternalForm@-1 (line 1203)
                      ; - java.net.URL::toString@1 (line 1189)
                      ; - java.lang.ClassLoader::defineClassSourceLocation@22 (line 927)
                      ; - java.lang.ClassLoader::defineClass@12 (line 1026)
  0x0000018f8e179dec: 10c0 4307 | e900 feff 

  0x0000018f8e179df4: ;   {runtime_call throw_null_pointer_exception Runtime1 stub}
  0x0000018f8e179df4: ffe8 0658 

  0x0000018f8e179df8: ; ImmutableOopMap {rdx=Oop rsi=Oop [120]=Oop [128]=Oop [136]=Oop [152]=Oop }
                      ;*invokevirtual toExternalForm {reexecute=0 rethrow=0 return_oop=0}
                      ; - java.net.URL::toExternalForm@5 (line 1203)
                      ; - java.net.URL::toString@1 (line 1189)
                      ; - java.lang.ClassLoader::defineClassSourceLocation@22 (line 927)
                      ; - java.lang.ClassLoader::defineClass@12 (line 1026)
                      ;   {internal_word}
  0x0000018f8e179df8: 4307 49ba | 549d 178e | 8f01 0000 | 4d89 9768 

  0x0000018f8e179e08: ;   {runtime_call SafepointBlob}
  0x0000018f8e179e08: 0400 00e9 | f0b8 3707 | 498b 8700 | 0500 0049 | c787 0005 | 0000 0000 | 0000 49c7 | 8708 0500 
  0x0000018f8e179e28: 0000 0000 | 0048 81c4 | b000 0000 

  0x0000018f8e179e34: ;   {runtime_call unwind_exception Runtime1 stub}
  0x0000018f8e179e34: 5de9 c648 | 4307 f4f4 | f4f4 f4f4 
[Stub Code]
  0x0000018f8e179e40: ;   {no_reloc}
  0x0000018f8e179e40: 0f1f 4400 

  0x0000018f8e179e44: ;   {static_stub}
  0x0000018f8e179e44: 0048 bb00 | 0000 0000 

  0x0000018f8e179e4c: ;   {runtime_call}
  0x0000018f8e179e4c: 0000 00e9 | fbff ffff 

  0x0000018f8e179e54: ;   {static_stub}
  0x0000018f8e179e54: 48bb 0000 | 0000 0000 

  0x0000018f8e179e5c: ;   {runtime_call}
  0x0000018f8e179e5c: 0000 e9fb 

  0x0000018f8e179e60: ;   {static_stub}
  0x0000018f8e179e60: ffff ff48 | bb00 0000 | 0000 0000 

  0x0000018f8e179e6c: ;   {runtime_call}
  0x0000018f8e179e6c: 00e9 fbff 

  0x0000018f8e179e70: ;   {static_stub}
  0x0000018f8e179e70: ffff 48bb | 0000 0000 | 0000 0000 

  0x0000018f8e179e7c: ;   {runtime_call}
  0x0000018f8e179e7c: e9fb ffff 

  0x0000018f8e179e80: ;   {runtime_call handle_exception_from_callee Runtime1 stub}
  0x0000018f8e179e80: ffe8 7a75 

  0x0000018f8e179e84: ;   {external_word}
  0x0000018f8e179e84: 4307 48b9 | 0048 17e1 | ff7f 0000 | 4883 e4f0 

  0x0000018f8e179e94: ;   {runtime_call}
  0x0000018f8e179e94: 48b8 4024 | dfe0 ff7f | 0000 ffd0 

  0x0000018f8e179ea0: ;   {section_word}
  0x0000018f8e179ea0: f449 baa1 | 9e17 8e8f | 0100 0041 

  0x0000018f8e179eac: ;   {runtime_call DeoptimizationBlob}
  0x0000018f8e179eac: 52e9 eeaa | 3707 f4f4 | f4f4 f4f4 
[/MachCode]


Compiled method (c1)    1614 1055       3       java.security.SecureClassLoader::defineClass (16 bytes)
 total in heap  [0x0000018f8e147610,0x0000018f8e147a10] = 1024
 relocation     [0x0000018f8e147770,0x0000018f8e1477c0] = 80
 main code      [0x0000018f8e1477c0,0x0000018f8e147918] = 344
 stub code      [0x0000018f8e147918,0x0000018f8e147968] = 80
 metadata       [0x0000018f8e147968,0x0000018f8e147970] = 8
 scopes data    [0x0000018f8e147970,0x0000018f8e1479b8] = 72
 scopes pcs     [0x0000018f8e1479b8,0x0000018f8e147a08] = 80
 dependencies   [0x0000018f8e147a08,0x0000018f8e147a10] = 8

[Constant Pool (empty)]

[MachCode]
[Entry Point]
  # {method} {0x0000018fa204d810} 'defineClass' '(Ljava/lang/String;[BIILjava/security/CodeSource;)Ljava/lang/Class;' in 'java/security/SecureClassLoader'
  # this:     rdx:rdx   = 'java/security/SecureClassLoader'
  # parm0:    r8:r8     = 'java/lang/String'
  # parm1:    r9:r9     = '[B'
  # parm2:    rdi       = int
  # parm3:    rsi       = int
  # parm4:    rcx:rcx   = 'java/security/CodeSource'
  #           [sp+0x80]  (sp of caller)
  0x0000018f8e1477c0: 448b 5208 | 49bb 0000 | 00a2 8f01 | 0000 4d03 | d34c 3bd0 

  0x0000018f8e1477d4: ;   {runtime_call ic_miss_stub}
  0x0000018f8e1477d4: 0f85 a66f | 3a07 660f | 1f44 0000 
[Verified Entry Point]
  0x0000018f8e1477e0: 8984 2400 | 80ff ff55 | 4883 ec70 | 4181 7f20 | 0100 0000 

  0x0000018f8e1477f4: ;   {runtime_call StubRoutines (final stubs)}
  0x0000018f8e1477f4: 7405 e865 

  0x0000018f8e1477f8: ;   {metadata(method data for {method} {0x0000018fa204d810} 'defineClass' '(Ljava/lang/String;[BIILjava/security/CodeSource;)Ljava/lang/Class;' in 'java/security/SecureClassLoader')}
  0x0000018f8e1477f8: d538 0748 | bb78 f218 | e38f 0100 | 008b 83cc | 0000 0083 | c002 8983 | cc00 0000 | 25fe 0700 
  0x0000018f8e147818: 0085 c00f | 8496 0000 | 0089 7424 | 5c89 7c24 | 584c 894c | 2450 4c89 | 4424 4848 

  0x0000018f8e147834: ;   {metadata(method data for {method} {0x0000018fa204d810} 'defineClass' '(Ljava/lang/String;[BIILjava/security/CodeSource;)Ljava/lang/Class;' in 'java/security/SecureClassLoader')}
  0x0000018f8e147834: 8bda 48b8 | 78f2 18e3 | 8f01 0000 | 4883 8010 | 0100 0001 | 4c8b c148 | 8bc2 488b | d048 8944 
  0x0000018f8e147854: ;   {optimized virtual_call}
  0x0000018f8e147854: 2440 90e8 

  0x0000018f8e147858: ; ImmutableOopMap {[64]=Oop [72]=Oop [80]=Oop }
                      ;*invokevirtual getProtectionDomain {reexecute=0 rethrow=0 return_oop=0}
                      ; - java.security.SecureClassLoader::defineClass@9 (line 150)
  0x0000018f8e147858: 4404 0000 

  0x0000018f8e14785c: ;   {other}
  0x0000018f8e14785c: 0f1f 8400 | 4c02 0000 | 488b 5424 

  0x0000018f8e147868: ;   {metadata(method data for {method} {0x0000018fa204d810} 'defineClass' '(Ljava/lang/String;[BIILjava/security/CodeSource;)Ljava/lang/Class;' in 'java/security/SecureClassLoader')}
  0x0000018f8e147868: 4049 b878 | f218 e38f | 0100 0049 | 8380 4801 | 0000 014c | 8b44 2448 | 4c8b 4c24 | 508b 7c24 
  0x0000018f8e147888: 588b 7424 | 5c48 8bc8 | 488b 5424 

  0x0000018f8e147894: ;   {optimized virtual_call}
  0x0000018f8e147894: 4066 90e8 

  0x0000018f8e147898: ; ImmutableOopMap {}
                      ;*invokevirtual defineClass {reexecute=0 rethrow=0 return_oop=0}
                      ; - java.security.SecureClassLoader::defineClass@12 (line 150)
  0x0000018f8e147898: 2421 0300 

  0x0000018f8e14789c: ;   {other}
  0x0000018f8e14789c: 0f1f 8400 | 8c02 0001 | 4883 c470 

  0x0000018f8e1478a8: ;   {poll_return}
  0x0000018f8e1478a8: 5d49 3ba7 | 5004 0000 | 0f87 2200 

  0x0000018f8e1478b4: ;   {metadata({method} {0x0000018fa204d810} 'defineClass' '(Ljava/lang/String;[BIILjava/security/CodeSource;)Ljava/lang/Class;' in 'java/security/SecureClassLoader')}
  0x0000018f8e1478b4: 0000 c349 | ba08 d804 | a28f 0100 | 004c 8954 | 2408 48c7 | 0424 ffff 

  0x0000018f8e1478cc: ;   {runtime_call counter_overflow Runtime1 stub}
  0x0000018f8e1478cc: ffff e82d 

  0x0000018f8e1478d0: ; ImmutableOopMap {rdx=Oop r8=Oop r9=Oop rcx=Oop }
                      ;*synchronization entry
                      ; - java.security.SecureClassLoader::defineClass@-1 (line 150)
  0x0000018f8e1478d0: e546 07e9 | 49ff ffff 

  0x0000018f8e1478d8: ;   {internal_word}
  0x0000018f8e1478d8: 49ba a978 | 148e 8f01 | 0000 4d89 | 9768 0400 

  0x0000018f8e1478e8: ;   {runtime_call SafepointBlob}
  0x0000018f8e1478e8: 00e9 12de | 3a07 498b | 8700 0500 | 0049 c787 | 0005 0000 | 0000 0000 | 49c7 8708 | 0500 0000 
  0x0000018f8e147908: 0000 0048 | 83c4 705d 

  0x0000018f8e147910: ;   {runtime_call unwind_exception Runtime1 stub}
  0x0000018f8e147910: e9eb 6d46 | 07f4 f4f4 
[Stub Code]
  0x0000018f8e147918: ;   {no_reloc}
  0x0000018f8e147918: 48bb 0000 | 0000 0000 

  0x0000018f8e147920: ;   {runtime_call}
  0x0000018f8e147920: 0000 e9fb 

  0x0000018f8e147924: ;   {static_stub}
  0x0000018f8e147924: ffff ff48 | bbf8 d043 | a28f 0100 

  0x0000018f8e147930: ;   {runtime_call I2C/C2I adapters}
  0x0000018f8e147930: 00e9 3f98 

  0x0000018f8e147934: ;   {runtime_call handle_exception_from_callee Runtime1 stub}
  0x0000018f8e147934: 3907 e8c5 

  0x0000018f8e147938: ;   {external_word}
  0x0000018f8e147938: 9a46 0748 | b900 4817 | e1ff 7f00 | 0048 83e4 

  0x0000018f8e147948: ;   {runtime_call}
  0x0000018f8e147948: f048 b840 | 24df e0ff | 7f00 00ff 

  0x0000018f8e147954: ;   {section_word}
  0x0000018f8e147954: d0f4 49ba | 5679 148e | 8f01 0000 

  0x0000018f8e147960: ;   {runtime_call DeoptimizationBlob}
  0x0000018f8e147960: 4152 e939 | d03a 07f4 
[/MachCode]


---------------  P R O C E S S  ---------------

Threads class SMR info:
_java_thread_list=0x0000018fe7d72d00, length=15, elements={
0x0000018f83955380, 0x0000018fa1b53ee0, 0x0000018fa1b553a0, 0x0000018fa1b59d40,
0x0000018fa1b5aa20, 0x0000018fa1b5f490, 0x0000018fa1b65010, 0x0000018fa1b68e10,
0x0000018fa1b6b6e0, 0x0000018fe70e8580, 0x0000018fe71100d0, 0x0000018fe7149a80,
0x0000018fe7c1b410, 0x0000018fe7c73630, 0x0000018fe7de5c30
}

Java Threads: ( => current thread )
  0x0000018f83955380 JavaThread "main"                              [_thread_blocked, id=16372, stack(0x0000008894300000,0x0000008894400000) (1024K)]
  0x0000018fa1b53ee0 JavaThread "Reference Handler"          daemon [_thread_blocked, id=5288, stack(0x0000008894c00000,0x0000008894d00000) (1024K)]
  0x0000018fa1b553a0 JavaThread "Finalizer"                  daemon [_thread_blocked, id=15688, stack(0x0000008894d00000,0x0000008894e00000) (1024K)]
  0x0000018fa1b59d40 JavaThread "Signal Dispatcher"          daemon [_thread_blocked, id=9152, stack(0x0000008894e00000,0x0000008894f00000) (1024K)]
  0x0000018fa1b5aa20 JavaThread "Attach Listener"            daemon [_thread_blocked, id=10516, stack(0x0000008894f00000,0x0000008895000000) (1024K)]
  0x0000018fa1b5f490 JavaThread "Service Thread"             daemon [_thread_blocked, id=13820, stack(0x0000008895000000,0x0000008895100000) (1024K)]
  0x0000018fa1b65010 JavaThread "Monitor Deflation Thread"   daemon [_thread_blocked, id=8888, stack(0x0000008895100000,0x0000008895200000) (1024K)]
  0x0000018fa1b68e10 JavaThread "C2 CompilerThread0"         daemon [_thread_blocked, id=15528, stack(0x0000008895200000,0x0000008895300000) (1024K)]
  0x0000018fa1b6b6e0 JavaThread "C1 CompilerThread0"         daemon [_thread_blocked, id=6280, stack(0x0000008895300000,0x0000008895400000) (1024K)]
  0x0000018fe70e8580 JavaThread "Notification Thread"        daemon [_thread_blocked, id=10576, stack(0x0000008895400000,0x0000008895500000) (1024K)]
  0x0000018fe71100d0 JavaThread "Common-Cleaner"             daemon [_thread_blocked, id=14972, stack(0x0000008895500000,0x0000008895600000) (1024K)]
  0x0000018fe7149a80 JavaThread "C2 CompilerThread1"         daemon [_thread_blocked, id=15928, stack(0x0000008895600000,0x0000008895700000) (1024K)]
  0x0000018fe7c1b410 JavaThread "Thread-0"                          [_thread_blocked, id=7780, stack(0x0000008895a00000,0x0000008895b00000) (1024K)]
=>0x0000018fe7c73630 JavaThread "restartedMain"                     [_thread_in_vm, id=10864, stack(0x0000008895b00000,0x0000008895c00000) (1024K)]
  0x0000018fe7de5c30 JavaThread "background-preinit"                [_thread_in_vm, id=840, stack(0x0000008895c00000,0x0000008895d00000) (1024K)]
Total: 15

Other Threads:
  0x0000018f839490d0 VMThread "VM Thread"                           [id=9008, stack(0x0000008894a00000,0x0000008894b00000) (1024K)]
  0x0000018fa1b1b760 WatcherThread "VM Periodic Task Thread"        [id=3344, stack(0x0000008894900000,0x0000008894a00000) (1024K)]
  0x0000018f839485f0 WorkerThread "GC Thread#0"                     [id=7404, stack(0x0000008894400000,0x0000008894500000) (1024K)]
  0x0000018f83947770 WorkerThread "GC Thread#1"                     [id=6660, stack(0x0000008895700000,0x0000008895800000) (1024K)]
  0x0000018f83947b10 WorkerThread "GC Thread#2"                     [id=7452, stack(0x0000008895800000,0x0000008895900000) (1024K)]
  0x0000018f83948990 WorkerThread "GC Thread#3"                     [id=14468, stack(0x0000008895900000,0x0000008895a00000) (1024K)]
  0x0000018f85b69db0 ConcurrentGCThread "G1 Main Marker"            [id=9096, stack(0x0000008894500000,0x0000008894600000) (1024K)]
  0x0000018f83948250 WorkerThread "G1 Conc#0"                       [id=6524, stack(0x0000008894600000,0x0000008894700000) (1024K)]
  0x0000018fa19f20c0 ConcurrentGCThread "G1 Refine#0"               [id=15944, stack(0x0000008894700000,0x0000008894800000) (1024K)]
  0x0000018f85bccb40 ConcurrentGCThread "G1 Service"                [id=13480, stack(0x0000008894800000,0x0000008894900000) (1024K)]
Total: 10

Threads with active compile tasks:
Total: 0

VM state: not at safepoint (normal execution)

VM Mutex/Monitor currently owned by a thread:  ([mutex/lock_event])
[0x00007fffe140ace8] Metaspace_lock - owner thread: 0x0000018fe7c73630

Heap address: 0x0000000082c00000, size: 2004 MB, Compressed Oops mode: 32-bit

CDS archive(s) mapped at: [0x0000018fa2000000-0x0000018fa2c90000-0x0000018fa2c90000), size 13172736, SharedBaseAddress: 0x0000018fa2000000, ArchiveRelocationMode: 1.
Compressed class space mapped at: 0x0000018fa3000000-0x0000018fe3000000, reserved size: 1073741824
Narrow klass base: 0x0000018fa2000000, Narrow klass shift: 0, Narrow klass range: 0x100000000

GC Precious Log:
 CardTable entry size: 512
 Card Set container configuration: InlinePtr #cards 5 size 8 Array Of Cards #cards 12 size 40 Howl #buckets 4 coarsen threshold 1843 Howl Bitmap #cards 512 size 80 coarsen threshold 460 Card regions per heap region 1 cards per card region 2048
 CPUs: 4 total, 4 available
 Memory: 8010M
 Large Page Support: Disabled
 NUMA Support: Disabled
 Compressed Oops: Enabled (32-bit)
 Heap Region Size: 1M
 Heap Min Capacity: 8M
 Heap Initial Capacity: 126M
 Heap Max Capacity: 2004M
 Pre-touch: Disabled
 Parallel Workers: 4
 Concurrent Workers: 1
 Concurrent Refinement Workers: 4
 Periodic GC: Disabled

Heap:
 garbage-first heap   total 129024K, used 20476K [0x0000000082c00000, 0x0000000100000000)
  region size 1024K, 16 young (16384K), 1 survivors (1024K)
 Metaspace       used 10864K, committed 11072K, reserved 1114112K
  class space    used 1305K, committed 1408K, reserved 1048576K

Heap Regions: E=young(eden), S=young(survivor), O=old, HS=humongous(starts), HC=humongous(continues), CS=collection set, F=free, TAMS=top-at-mark-start, PB=parsable bottom
|   0|0x0000000082c00000, 0x0000000082d00000, 0x0000000082d00000|100%|HS|  |TAMS 0x0000000082c00000| PB 0x0000000082c00000| Complete 
|   1|0x0000000082d00000, 0x0000000082e00000, 0x0000000082e00000|100%| O|  |TAMS 0x0000000082d00000| PB 0x0000000082d00000| Untracked 
|   2|0x0000000082e00000, 0x0000000082f00000, 0x0000000082f00000|100%| O|  |TAMS 0x0000000082e00000| PB 0x0000000082e00000| Untracked 
|   3|0x0000000082f00000, 0x0000000083000000, 0x0000000083000000|100%| O|  |TAMS 0x0000000082f00000| PB 0x0000000082f00000| Untracked 
|   4|0x0000000083000000, 0x0000000083100000, 0x0000000083100000|100%| O|  |TAMS 0x0000000083000000| PB 0x0000000083000000| Untracked 
|   5|0x0000000083100000, 0x00000000831ff3e0, 0x0000000083200000| 99%| O|  |TAMS 0x0000000083100000| PB 0x0000000083100000| Untracked 
|   6|0x0000000083200000, 0x0000000083200000, 0x0000000083300000|  0%| F|  |TAMS 0x0000000083200000| PB 0x0000000083200000| Untracked 
|   7|0x0000000083300000, 0x0000000083300000, 0x0000000083400000|  0%| F|  |TAMS 0x0000000083300000| PB 0x0000000083300000| Untracked 
|   8|0x0000000083400000, 0x0000000083400000, 0x0000000083500000|  0%| F|  |TAMS 0x0000000083400000| PB 0x0000000083400000| Untracked 
|   9|0x0000000083500000, 0x0000000083500000, 0x0000000083600000|  0%| F|  |TAMS 0x0000000083500000| PB 0x0000000083500000| Untracked 
|  10|0x0000000083600000, 0x0000000083600000, 0x0000000083700000|  0%| F|  |TAMS 0x0000000083600000| PB 0x0000000083600000| Untracked 
|  11|0x0000000083700000, 0x0000000083700000, 0x0000000083800000|  0%| F|  |TAMS 0x0000000083700000| PB 0x0000000083700000| Untracked 
|  12|0x0000000083800000, 0x0000000083800000, 0x0000000083900000|  0%| F|  |TAMS 0x0000000083800000| PB 0x0000000083800000| Untracked 
|  13|0x0000000083900000, 0x0000000083900000, 0x0000000083a00000|  0%| F|  |TAMS 0x0000000083900000| PB 0x0000000083900000| Untracked 
|  14|0x0000000083a00000, 0x0000000083a00000, 0x0000000083b00000|  0%| F|  |TAMS 0x0000000083a00000| PB 0x0000000083a00000| Untracked 
|  15|0x0000000083b00000, 0x0000000083b00000, 0x0000000083c00000|  0%| F|  |TAMS 0x0000000083b00000| PB 0x0000000083b00000| Untracked 
|  16|0x0000000083c00000, 0x0000000083c00000, 0x0000000083d00000|  0%| F|  |TAMS 0x0000000083c00000| PB 0x0000000083c00000| Untracked 
|  17|0x0000000083d00000, 0x0000000083d00000, 0x0000000083e00000|  0%| F|  |TAMS 0x0000000083d00000| PB 0x0000000083d00000| Untracked 
|  18|0x0000000083e00000, 0x0000000083e00000, 0x0000000083f00000|  0%| F|  |TAMS 0x0000000083e00000| PB 0x0000000083e00000| Untracked 
|  19|0x0000000083f00000, 0x0000000083f00000, 0x0000000084000000|  0%| F|  |TAMS 0x0000000083f00000| PB 0x0000000083f00000| Untracked 
|  20|0x0000000084000000, 0x0000000084000000, 0x0000000084100000|  0%| F|  |TAMS 0x0000000084000000| PB 0x0000000084000000| Untracked 
|  21|0x0000000084100000, 0x0000000084100000, 0x0000000084200000|  0%| F|  |TAMS 0x0000000084100000| PB 0x0000000084100000| Untracked 
|  22|0x0000000084200000, 0x0000000084200000, 0x0000000084300000|  0%| F|  |TAMS 0x0000000084200000| PB 0x0000000084200000| Untracked 
|  23|0x0000000084300000, 0x0000000084300000, 0x0000000084400000|  0%| F|  |TAMS 0x0000000084300000| PB 0x0000000084300000| Untracked 
|  24|0x0000000084400000, 0x0000000084400000, 0x0000000084500000|  0%| F|  |TAMS 0x0000000084400000| PB 0x0000000084400000| Untracked 
|  25|0x0000000084500000, 0x0000000084500000, 0x0000000084600000|  0%| F|  |TAMS 0x0000000084500000| PB 0x0000000084500000| Untracked 
|  26|0x0000000084600000, 0x0000000084600000, 0x0000000084700000|  0%| F|  |TAMS 0x0000000084600000| PB 0x0000000084600000| Untracked 
|  27|0x0000000084700000, 0x0000000084700000, 0x0000000084800000|  0%| F|  |TAMS 0x0000000084700000| PB 0x0000000084700000| Untracked 
|  28|0x0000000084800000, 0x0000000084800000, 0x0000000084900000|  0%| F|  |TAMS 0x0000000084800000| PB 0x0000000084800000| Untracked 
|  29|0x0000000084900000, 0x0000000084900000, 0x0000000084a00000|  0%| F|  |TAMS 0x0000000084900000| PB 0x0000000084900000| Untracked 
|  30|0x0000000084a00000, 0x0000000084a00000, 0x0000000084b00000|  0%| F|  |TAMS 0x0000000084a00000| PB 0x0000000084a00000| Untracked 
|  31|0x0000000084b00000, 0x0000000084b00000, 0x0000000084c00000|  0%| F|  |TAMS 0x0000000084b00000| PB 0x0000000084b00000| Untracked 
|  32|0x0000000084c00000, 0x0000000084c00000, 0x0000000084d00000|  0%| F|  |TAMS 0x0000000084c00000| PB 0x0000000084c00000| Untracked 
|  33|0x0000000084d00000, 0x0000000084d00000, 0x0000000084e00000|  0%| F|  |TAMS 0x0000000084d00000| PB 0x0000000084d00000| Untracked 
|  34|0x0000000084e00000, 0x0000000084e00000, 0x0000000084f00000|  0%| F|  |TAMS 0x0000000084e00000| PB 0x0000000084e00000| Untracked 
|  35|0x0000000084f00000, 0x0000000084f00000, 0x0000000085000000|  0%| F|  |TAMS 0x0000000084f00000| PB 0x0000000084f00000| Untracked 
|  36|0x0000000085000000, 0x0000000085000000, 0x0000000085100000|  0%| F|  |TAMS 0x0000000085000000| PB 0x0000000085000000| Untracked 
|  37|0x0000000085100000, 0x0000000085100000, 0x0000000085200000|  0%| F|  |TAMS 0x0000000085100000| PB 0x0000000085100000| Untracked 
|  38|0x0000000085200000, 0x0000000085200000, 0x0000000085300000|  0%| F|  |TAMS 0x0000000085200000| PB 0x0000000085200000| Untracked 
|  39|0x0000000085300000, 0x0000000085300000, 0x0000000085400000|  0%| F|  |TAMS 0x0000000085300000| PB 0x0000000085300000| Untracked 
|  40|0x0000000085400000, 0x0000000085400000, 0x0000000085500000|  0%| F|  |TAMS 0x0000000085400000| PB 0x0000000085400000| Untracked 
|  41|0x0000000085500000, 0x0000000085500000, 0x0000000085600000|  0%| F|  |TAMS 0x0000000085500000| PB 0x0000000085500000| Untracked 
|  42|0x0000000085600000, 0x0000000085600000, 0x0000000085700000|  0%| F|  |TAMS 0x0000000085600000| PB 0x0000000085600000| Untracked 
|  43|0x0000000085700000, 0x0000000085700000, 0x0000000085800000|  0%| F|  |TAMS 0x0000000085700000| PB 0x0000000085700000| Untracked 
|  44|0x0000000085800000, 0x0000000085800000, 0x0000000085900000|  0%| F|  |TAMS 0x0000000085800000| PB 0x0000000085800000| Untracked 
|  45|0x0000000085900000, 0x0000000085900000, 0x0000000085a00000|  0%| F|  |TAMS 0x0000000085900000| PB 0x0000000085900000| Untracked 
|  46|0x0000000085a00000, 0x0000000085a00000, 0x0000000085b00000|  0%| F|  |TAMS 0x0000000085a00000| PB 0x0000000085a00000| Untracked 
|  47|0x0000000085b00000, 0x0000000085b00000, 0x0000000085c00000|  0%| F|  |TAMS 0x0000000085b00000| PB 0x0000000085b00000| Untracked 
|  48|0x0000000085c00000, 0x0000000085c00000, 0x0000000085d00000|  0%| F|  |TAMS 0x0000000085c00000| PB 0x0000000085c00000| Untracked 
|  49|0x0000000085d00000, 0x0000000085d00000, 0x0000000085e00000|  0%| F|  |TAMS 0x0000000085d00000| PB 0x0000000085d00000| Untracked 
|  50|0x0000000085e00000, 0x0000000085e00000, 0x0000000085f00000|  0%| F|  |TAMS 0x0000000085e00000| PB 0x0000000085e00000| Untracked 
|  51|0x0000000085f00000, 0x0000000085f00000, 0x0000000086000000|  0%| F|  |TAMS 0x0000000085f00000| PB 0x0000000085f00000| Untracked 
|  52|0x0000000086000000, 0x0000000086000000, 0x0000000086100000|  0%| F|  |TAMS 0x0000000086000000| PB 0x0000000086000000| Untracked 
|  53|0x0000000086100000, 0x0000000086100000, 0x0000000086200000|  0%| F|  |TAMS 0x0000000086100000| PB 0x0000000086100000| Untracked 
|  54|0x0000000086200000, 0x0000000086200000, 0x0000000086300000|  0%| F|  |TAMS 0x0000000086200000| PB 0x0000000086200000| Untracked 
|  55|0x0000000086300000, 0x0000000086300000, 0x0000000086400000|  0%| F|  |TAMS 0x0000000086300000| PB 0x0000000086300000| Untracked 
|  56|0x0000000086400000, 0x0000000086400000, 0x0000000086500000|  0%| F|  |TAMS 0x0000000086400000| PB 0x0000000086400000| Untracked 
|  57|0x0000000086500000, 0x0000000086500000, 0x0000000086600000|  0%| F|  |TAMS 0x0000000086500000| PB 0x0000000086500000| Untracked 
|  58|0x0000000086600000, 0x0000000086600000, 0x0000000086700000|  0%| F|  |TAMS 0x0000000086600000| PB 0x0000000086600000| Untracked 
|  59|0x0000000086700000, 0x0000000086700000, 0x0000000086800000|  0%| F|  |TAMS 0x0000000086700000| PB 0x0000000086700000| Untracked 
|  60|0x0000000086800000, 0x0000000086800000, 0x0000000086900000|  0%| F|  |TAMS 0x0000000086800000| PB 0x0000000086800000| Untracked 
|  61|0x0000000086900000, 0x0000000086900000, 0x0000000086a00000|  0%| F|  |TAMS 0x0000000086900000| PB 0x0000000086900000| Untracked 
|  62|0x0000000086a00000, 0x0000000086a00000, 0x0000000086b00000|  0%| F|  |TAMS 0x0000000086a00000| PB 0x0000000086a00000| Untracked 
|  63|0x0000000086b00000, 0x0000000086b00000, 0x0000000086c00000|  0%| F|  |TAMS 0x0000000086b00000| PB 0x0000000086b00000| Untracked 
|  64|0x0000000086c00000, 0x0000000086c00000, 0x0000000086d00000|  0%| F|  |TAMS 0x0000000086c00000| PB 0x0000000086c00000| Untracked 
|  65|0x0000000086d00000, 0x0000000086d00000, 0x0000000086e00000|  0%| F|  |TAMS 0x0000000086d00000| PB 0x0000000086d00000| Untracked 
|  66|0x0000000086e00000, 0x0000000086e00000, 0x0000000086f00000|  0%| F|  |TAMS 0x0000000086e00000| PB 0x0000000086e00000| Untracked 
|  67|0x0000000086f00000, 0x0000000086f00000, 0x0000000087000000|  0%| F|  |TAMS 0x0000000086f00000| PB 0x0000000086f00000| Untracked 
|  68|0x0000000087000000, 0x0000000087000000, 0x0000000087100000|  0%| F|  |TAMS 0x0000000087000000| PB 0x0000000087000000| Untracked 
|  69|0x0000000087100000, 0x0000000087100000, 0x0000000087200000|  0%| F|  |TAMS 0x0000000087100000| PB 0x0000000087100000| Untracked 
|  70|0x0000000087200000, 0x0000000087200000, 0x0000000087300000|  0%| F|  |TAMS 0x0000000087200000| PB 0x0000000087200000| Untracked 
|  71|0x0000000087300000, 0x0000000087300000, 0x0000000087400000|  0%| F|  |TAMS 0x0000000087300000| PB 0x0000000087300000| Untracked 
|  72|0x0000000087400000, 0x0000000087400000, 0x0000000087500000|  0%| F|  |TAMS 0x0000000087400000| PB 0x0000000087400000| Untracked 
|  73|0x0000000087500000, 0x0000000087500000, 0x0000000087600000|  0%| F|  |TAMS 0x0000000087500000| PB 0x0000000087500000| Untracked 
|  74|0x0000000087600000, 0x0000000087600000, 0x0000000087700000|  0%| F|  |TAMS 0x0000000087600000| PB 0x0000000087600000| Untracked 
|  75|0x0000000087700000, 0x0000000087700000, 0x0000000087800000|  0%| F|  |TAMS 0x0000000087700000| PB 0x0000000087700000| Untracked 
|  76|0x0000000087800000, 0x0000000087800000, 0x0000000087900000|  0%| F|  |TAMS 0x0000000087800000| PB 0x0000000087800000| Untracked 
|  77|0x0000000087900000, 0x0000000087900000, 0x0000000087a00000|  0%| F|  |TAMS 0x0000000087900000| PB 0x0000000087900000| Untracked 
|  78|0x0000000087a00000, 0x0000000087a00000, 0x0000000087b00000|  0%| F|  |TAMS 0x0000000087a00000| PB 0x0000000087a00000| Untracked 
|  79|0x0000000087b00000, 0x0000000087b00000, 0x0000000087c00000|  0%| F|  |TAMS 0x0000000087b00000| PB 0x0000000087b00000| Untracked 
|  80|0x0000000087c00000, 0x0000000087c00000, 0x0000000087d00000|  0%| F|  |TAMS 0x0000000087c00000| PB 0x0000000087c00000| Untracked 
|  81|0x0000000087d00000, 0x0000000087d00000, 0x0000000087e00000|  0%| F|  |TAMS 0x0000000087d00000| PB 0x0000000087d00000| Untracked 
|  82|0x0000000087e00000, 0x0000000087e00000, 0x0000000087f00000|  0%| F|  |TAMS 0x0000000087e00000| PB 0x0000000087e00000| Untracked 
|  83|0x0000000087f00000, 0x0000000087f00000, 0x0000000088000000|  0%| F|  |TAMS 0x0000000087f00000| PB 0x0000000087f00000| Untracked 
|  84|0x0000000088000000, 0x0000000088000000, 0x0000000088100000|  0%| F|  |TAMS 0x0000000088000000| PB 0x0000000088000000| Untracked 
|  85|0x0000000088100000, 0x0000000088100000, 0x0000000088200000|  0%| F|  |TAMS 0x0000000088100000| PB 0x0000000088100000| Untracked 
|  86|0x0000000088200000, 0x0000000088200000, 0x0000000088300000|  0%| F|  |TAMS 0x0000000088200000| PB 0x0000000088200000| Untracked 
|  87|0x0000000088300000, 0x0000000088300000, 0x0000000088400000|  0%| F|  |TAMS 0x0000000088300000| PB 0x0000000088300000| Untracked 
|  88|0x0000000088400000, 0x0000000088400000, 0x0000000088500000|  0%| F|  |TAMS 0x0000000088400000| PB 0x0000000088400000| Untracked 
|  89|0x0000000088500000, 0x0000000088500000, 0x0000000088600000|  0%| F|  |TAMS 0x0000000088500000| PB 0x0000000088500000| Untracked 
|  90|0x0000000088600000, 0x0000000088600000, 0x0000000088700000|  0%| F|  |TAMS 0x0000000088600000| PB 0x0000000088600000| Untracked 
|  91|0x0000000088700000, 0x0000000088700000, 0x0000000088800000|  0%| F|  |TAMS 0x0000000088700000| PB 0x0000000088700000| Untracked 
|  92|0x0000000088800000, 0x0000000088800000, 0x0000000088900000|  0%| F|  |TAMS 0x0000000088800000| PB 0x0000000088800000| Untracked 
|  93|0x0000000088900000, 0x0000000088900000, 0x0000000088a00000|  0%| F|  |TAMS 0x0000000088900000| PB 0x0000000088900000| Untracked 
|  94|0x0000000088a00000, 0x0000000088a00000, 0x0000000088b00000|  0%| F|  |TAMS 0x0000000088a00000| PB 0x0000000088a00000| Untracked 
|  95|0x0000000088b00000, 0x0000000088b00000, 0x0000000088c00000|  0%| F|  |TAMS 0x0000000088b00000| PB 0x0000000088b00000| Untracked 
|  96|0x0000000088c00000, 0x0000000088c00000, 0x0000000088d00000|  0%| F|  |TAMS 0x0000000088c00000| PB 0x0000000088c00000| Untracked 
|  97|0x0000000088d00000, 0x0000000088d00000, 0x0000000088e00000|  0%| F|  |TAMS 0x0000000088d00000| PB 0x0000000088d00000| Untracked 
|  98|0x0000000088e00000, 0x0000000088e00000, 0x0000000088f00000|  0%| F|  |TAMS 0x0000000088e00000| PB 0x0000000088e00000| Untracked 
|  99|0x0000000088f00000, 0x0000000088f00000, 0x0000000089000000|  0%| F|  |TAMS 0x0000000088f00000| PB 0x0000000088f00000| Untracked 
| 100|0x0000000089000000, 0x0000000089000000, 0x0000000089100000|  0%| F|  |TAMS 0x0000000089000000| PB 0x0000000089000000| Untracked 
| 101|0x0000000089100000, 0x0000000089100000, 0x0000000089200000|  0%| F|  |TAMS 0x0000000089100000| PB 0x0000000089100000| Untracked 
| 102|0x0000000089200000, 0x0000000089200000, 0x0000000089300000|  0%| F|  |TAMS 0x0000000089200000| PB 0x0000000089200000| Untracked 
| 103|0x0000000089300000, 0x0000000089300000, 0x0000000089400000|  0%| F|  |TAMS 0x0000000089300000| PB 0x0000000089300000| Untracked 
| 104|0x0000000089400000, 0x0000000089400000, 0x0000000089500000|  0%| F|  |TAMS 0x0000000089400000| PB 0x0000000089400000| Untracked 
| 105|0x0000000089500000, 0x0000000089500000, 0x0000000089600000|  0%| F|  |TAMS 0x0000000089500000| PB 0x0000000089500000| Untracked 
| 106|0x0000000089600000, 0x0000000089600000, 0x0000000089700000|  0%| F|  |TAMS 0x0000000089600000| PB 0x0000000089600000| Untracked 
| 107|0x0000000089700000, 0x0000000089700000, 0x0000000089800000|  0%| F|  |TAMS 0x0000000089700000| PB 0x0000000089700000| Untracked 
| 108|0x0000000089800000, 0x0000000089800000, 0x0000000089900000|  0%| F|  |TAMS 0x0000000089800000| PB 0x0000000089800000| Untracked 
| 109|0x0000000089900000, 0x0000000089900000, 0x0000000089a00000|  0%| F|  |TAMS 0x0000000089900000| PB 0x0000000089900000| Untracked 
| 110|0x0000000089a00000, 0x0000000089b00000, 0x0000000089b00000|100%| S|CS|TAMS 0x0000000089a00000| PB 0x0000000089a00000| Complete 
| 111|0x0000000089b00000, 0x0000000089ba5950, 0x0000000089c00000| 64%| E|  |TAMS 0x0000000089b00000| PB 0x0000000089b00000| Complete 
| 112|0x0000000089c00000, 0x0000000089d00000, 0x0000000089d00000|100%| E|CS|TAMS 0x0000000089c00000| PB 0x0000000089c00000| Complete 
| 113|0x0000000089d00000, 0x0000000089e00000, 0x0000000089e00000|100%| E|CS|TAMS 0x0000000089d00000| PB 0x0000000089d00000| Complete 
| 114|0x0000000089e00000, 0x0000000089f00000, 0x0000000089f00000|100%| E|CS|TAMS 0x0000000089e00000| PB 0x0000000089e00000| Complete 
| 115|0x0000000089f00000, 0x000000008a000000, 0x000000008a000000|100%| E|CS|TAMS 0x0000000089f00000| PB 0x0000000089f00000| Complete 
| 116|0x000000008a000000, 0x000000008a100000, 0x000000008a100000|100%| E|CS|TAMS 0x000000008a000000| PB 0x000000008a000000| Complete 
| 117|0x000000008a100000, 0x000000008a200000, 0x000000008a200000|100%| E|CS|TAMS 0x000000008a100000| PB 0x000000008a100000| Complete 
| 118|0x000000008a200000, 0x000000008a300000, 0x000000008a300000|100%| E|  |TAMS 0x000000008a200000| PB 0x000000008a200000| Complete 
| 119|0x000000008a300000, 0x000000008a400000, 0x000000008a400000|100%| E|CS|TAMS 0x000000008a300000| PB 0x000000008a300000| Complete 
| 120|0x000000008a400000, 0x000000008a500000, 0x000000008a500000|100%| E|CS|TAMS 0x000000008a400000| PB 0x000000008a400000| Complete 
| 121|0x000000008a500000, 0x000000008a600000, 0x000000008a600000|100%| E|CS|TAMS 0x000000008a500000| PB 0x000000008a500000| Complete 
| 122|0x000000008a600000, 0x000000008a700000, 0x000000008a700000|100%| E|CS|TAMS 0x000000008a600000| PB 0x000000008a600000| Complete 
| 123|0x000000008a700000, 0x000000008a800000, 0x000000008a800000|100%| E|CS|TAMS 0x000000008a700000| PB 0x000000008a700000| Complete 
| 124|0x000000008a800000, 0x000000008a900000, 0x000000008a900000|100%| E|CS|TAMS 0x000000008a800000| PB 0x000000008a800000| Complete 
| 125|0x000000008a900000, 0x000000008aa00000, 0x000000008aa00000|100%| E|CS|TAMS 0x000000008a900000| PB 0x000000008a900000| Complete 

Card table byte_map: [0x0000018f9d360000,0x0000018f9d750000] _byte_map_base: 0x0000018f9cf4a000

Marking Bits: (CMBitMap*) 0x0000018f85b588f0
 Bits: [0x0000018f9d750000, 0x0000018f9f6a0000)

Polling page: 0x0000018f83a90000

Metaspace:

Usage:
  Non-class:      9.34 MB used.
      Class:      1.27 MB used.
       Both:     10.61 MB used.

Virtual space:
  Non-class space:       64.00 MB reserved,       9.44 MB ( 15%) committed,  1 nodes.
      Class space:        1.00 GB reserved,       1.38 MB ( <1%) committed,  1 nodes.
             Both:        1.06 GB reserved,      10.81 MB ( <1%) committed. 

Chunk freelists:
   Non-Class:  6.11 MB
       Class:  14.52 MB
        Both:  20.62 MB

MaxMetaspaceSize: unlimited
CompressedClassSpaceSize: 1.00 GB
Initial GC threshold: 21.00 MB
Current GC threshold: 21.00 MB
CDS: on
 - commit_granule_bytes: 65536.
 - commit_granule_words: 8192.
 - virtual_space_node_default_size: 8388608.
 - enlarge_chunks_in_place: 1.
 - use_allocation_guard: 0.


Internal statistics:

num_allocs_failed_limit: 0.
num_arena_births: 240.
num_arena_deaths: 0.
num_vsnodes_births: 2.
num_vsnodes_deaths: 0.
num_space_committed: 173.
num_space_uncommitted: 0.
num_chunks_returned_to_freelist: 0.
num_chunks_taken_from_freelist: 619.
num_chunk_merges: 0.
num_chunk_splits: 371.
num_chunks_enlarged: 229.
num_inconsistent_stats: 0.

CodeHeap 'non-profiled nmethods': size=120000Kb used=621Kb max_used=621Kb free=119378Kb
 bounds [0x0000018f95a40000, 0x0000018f95cb0000, 0x0000018f9cf70000]
CodeHeap 'profiled nmethods': size=120000Kb used=3051Kb max_used=3051Kb free=116948Kb
 bounds [0x0000018f8df70000, 0x0000018f8e270000, 0x0000018f954a0000]
CodeHeap 'non-nmethods': size=5760Kb used=1386Kb max_used=1406Kb free=4373Kb
 bounds [0x0000018f954a0000, 0x0000018f95710000, 0x0000018f95a40000]
 total_blobs=2165 nmethods=1681 adapters=388
 compilation: enabled
              stopped_count=0, restarted_count=0
 full_count=0

Compilation events (20 events):
Event: 1.426 Thread 0x0000018fa1b6b6e0 1670       3       jdk.internal.misc.Unsafe::shouldBeInitialized (18 bytes)
Event: 1.426 Thread 0x0000018fa1b6b6e0 nmethod 1670 0x0000018f8e269890 code [0x0000018f8e269a60, 0x0000018f8e269ca8]
Event: 1.446 Thread 0x0000018fa1b6b6e0 1672       1       java.lang.ClassLoader::getUnnamedModule (5 bytes)
Event: 1.446 Thread 0x0000018fa1b6b6e0 nmethod 1672 0x0000018f95ad7b90 code [0x0000018f95ad7d20, 0x0000018f95ad7de8]
Event: 1.448 Thread 0x0000018fe7149a80 1673       4       java.lang.String::regionMatches (150 bytes)
Event: 1.456 Thread 0x0000018fe7149a80 nmethod 1673 0x0000018f95ad7e90 code [0x0000018f95ad8040, 0x0000018f95ad84c8]
Event: 1.459 Thread 0x0000018fe7149a80 1674       4       java.lang.String::startsWith (123 bytes)
Event: 1.460 Thread 0x0000018fa1b68e10 1675       4       jdk.internal.misc.Unsafe::allocateUninitializedArray (55 bytes)
Event: 1.462 Thread 0x0000018fa1b68e10 nmethod 1675 0x0000018f95ad8790 code [0x0000018f95ad8920, 0x0000018f95ad8b18]
Event: 1.466 Thread 0x0000018fe7149a80 nmethod 1674 0x0000018f95ad8c90 code [0x0000018f95ad8e40, 0x0000018f95ad9178]
Event: 1.471 Thread 0x0000018fa1b6b6e0 1676       3       java.util.LinkedHashMap::afterNodeInsertion (40 bytes)
Event: 1.471 Thread 0x0000018fa1b6b6e0 nmethod 1676 0x0000018f8e269d90 code [0x0000018f8e269f80, 0x0000018f8e26a3f8]
Event: 1.473 Thread 0x0000018fe7149a80 1677       4       jdk.internal.misc.Unsafe::allocateUninitializedArray0 (90 bytes)
Event: 1.475 Thread 0x0000018fe7149a80 nmethod 1677 0x0000018f95ad9390 code [0x0000018f95ad9520, 0x0000018f95ad96f8]
Event: 1.478 Thread 0x0000018fe7149a80 1678       4       java.util.jar.JarFile::getVersionedEntry (133 bytes)
Event: 1.483 Thread 0x0000018fa1b68e10 1679       4       jdk.internal.misc.Unsafe::allocateUninitializedArray (55 bytes)
Event: 1.485 Thread 0x0000018fa1b68e10 nmethod 1679 0x0000018f95ad9810 code [0x0000018f95ad99a0, 0x0000018f95ad9b90]
Event: 1.501 Thread 0x0000018fa1b68e10 1680       4       java.util.zip.ZipUtils::get16 (21 bytes)
Event: 1.502 Thread 0x0000018fa1b6b6e0 1681       3       ch.qos.logback.classic.Logger::getChildByName (68 bytes)
Event: 1.502 Thread 0x0000018fa1b6b6e0 nmethod 1681 0x0000018f8e26a590 code [0x0000018f8e26a7a0, 0x0000018f8e26ad48]

GC Heap History (4 events):
Event: 0.651 GC heap before
{Heap before GC invocations=0 (full 0):
 garbage-first heap   total 129024K, used 13312K [0x0000000082c00000, 0x0000000100000000)
  region size 1024K, 13 young (13312K), 0 survivors (0K)
 Metaspace       used 3598K, committed 3776K, reserved 1114112K
  class space    used 383K, committed 448K, reserved 1048576K
}
Event: 0.656 GC heap after
{Heap after GC invocations=1 (full 0):
 garbage-first heap   total 129024K, used 5866K [0x0000000082c00000, 0x0000000100000000)
  region size 1024K, 2 young (2048K), 2 survivors (2048K)
 Metaspace       used 3598K, committed 3776K, reserved 1114112K
  class space    used 383K, committed 448K, reserved 1048576K
}
Event: 1.059 GC heap before
{Heap before GC invocations=1 (full 0):
 garbage-first heap   total 129024K, used 18154K [0x0000000082c00000, 0x0000000100000000)
  region size 1024K, 15 young (15360K), 2 survivors (2048K)
 Metaspace       used 6872K, committed 7104K, reserved 1114112K
  class space    used 808K, committed 896K, reserved 1048576K
}
Event: 1.064 GC heap after
{Heap after GC invocations=2 (full 0):
 garbage-first heap   total 129024K, used 7164K [0x0000000082c00000, 0x0000000100000000)
  region size 1024K, 1 young (1024K), 1 survivors (1024K)
 Metaspace       used 6872K, committed 7104K, reserved 1114112K
  class space    used 808K, committed 896K, reserved 1048576K
}

Dll operation events (8 events):
Event: 0.009 Loaded shared library C:\Program Files\Java\jdk-21\bin\java.dll
Event: 0.060 Loaded shared library C:\Program Files\Java\jdk-21\bin\jsvml.dll
Event: 0.160 Loaded shared library C:\Program Files\Java\jdk-21\bin\net.dll
Event: 0.162 Loaded shared library C:\Program Files\Java\jdk-21\bin\nio.dll
Event: 0.165 Loaded shared library C:\Program Files\Java\jdk-21\bin\zip.dll
Event: 0.310 Loaded shared library C:\Program Files\Java\jdk-21\bin\jimage.dll
Event: 0.724 Loaded shared library C:\Program Files\Java\jdk-21\bin\management.dll
Event: 0.726 Loaded shared library C:\Program Files\Java\jdk-21\bin\management_ext.dll

Deoptimization events (20 events):
Event: 1.290 Thread 0x0000018fe7c73630 Uncommon trap: trap_request=0xffffff45 fr.pc=0x0000018f95a8ab60 relative=0x00000000000007c0
Event: 1.290 Thread 0x0000018fe7c73630 Uncommon trap: reason=unstable_if action=reinterpret pc=0x0000018f95a8ab60 method=java.util.jar.JarFile.getEntry(Ljava/lang/String;)Ljava/util/zip/ZipEntry; @ 15 c2
Event: 1.290 Thread 0x0000018fe7c73630 DEOPT PACKING pc=0x0000018f95a8ab60 sp=0x0000008895bfd550
Event: 1.290 Thread 0x0000018fe7c73630 DEOPT UNPACKING pc=0x0000018f954f46a2 sp=0x0000008895bfd558 mode 2
Event: 1.463 Thread 0x0000018fe7c73630 Uncommon trap: trap_request=0xffffffde fr.pc=0x0000018f95ad8a5c relative=0x000000000000013c
Event: 1.463 Thread 0x0000018fe7c73630 Uncommon trap: reason=class_check action=maybe_recompile pc=0x0000018f95ad8a5c method=jdk.internal.misc.Unsafe.allocateUninitializedArray(Ljava/lang/Class;I)Ljava/lang/Object; @ 51 c2
Event: 1.463 Thread 0x0000018fe7c73630 DEOPT PACKING pc=0x0000018f95ad8a5c sp=0x0000008895bfde00
Event: 1.463 Thread 0x0000018fe7c73630 DEOPT UNPACKING pc=0x0000018f954f46a2 sp=0x0000008895bfdd78 mode 2
Event: 1.463 Thread 0x0000018fe7c73630 Uncommon trap: trap_request=0xffffffde fr.pc=0x0000018f95ad8a5c relative=0x000000000000013c
Event: 1.463 Thread 0x0000018fe7c73630 Uncommon trap: reason=class_check action=maybe_recompile pc=0x0000018f95ad8a5c method=jdk.internal.misc.Unsafe.allocateUninitializedArray(Ljava/lang/Class;I)Ljava/lang/Object; @ 51 c2
Event: 1.463 Thread 0x0000018fe7c73630 DEOPT PACKING pc=0x0000018f95ad8a5c sp=0x0000008895bfd810
Event: 1.463 Thread 0x0000018fe7c73630 DEOPT UNPACKING pc=0x0000018f954f46a2 sp=0x0000008895bfd788 mode 2
Event: 1.463 Thread 0x0000018fe7c73630 Uncommon trap: trap_request=0xffffffde fr.pc=0x0000018f95ad8a5c relative=0x000000000000013c
Event: 1.463 Thread 0x0000018fe7c73630 Uncommon trap: reason=class_check action=maybe_recompile pc=0x0000018f95ad8a5c method=jdk.internal.misc.Unsafe.allocateUninitializedArray(Ljava/lang/Class;I)Ljava/lang/Object; @ 51 c2
Event: 1.463 Thread 0x0000018fe7c73630 DEOPT PACKING pc=0x0000018f95ad8a5c sp=0x0000008895bfd9c0
Event: 1.463 Thread 0x0000018fe7c73630 DEOPT UNPACKING pc=0x0000018f954f46a2 sp=0x0000008895bfd938 mode 2
Event: 1.463 Thread 0x0000018fe7c73630 Uncommon trap: trap_request=0xffffffde fr.pc=0x0000018f95ad8a5c relative=0x000000000000013c
Event: 1.463 Thread 0x0000018fe7c73630 Uncommon trap: reason=class_check action=maybe_recompile pc=0x0000018f95ad8a5c method=jdk.internal.misc.Unsafe.allocateUninitializedArray(Ljava/lang/Class;I)Ljava/lang/Object; @ 51 c2
Event: 1.463 Thread 0x0000018fe7c73630 DEOPT PACKING pc=0x0000018f95ad8a5c sp=0x0000008895bfe260
Event: 1.463 Thread 0x0000018fe7c73630 DEOPT UNPACKING pc=0x0000018f954f46a2 sp=0x0000008895bfe1d8 mode 2

Classes loaded (20 events):
Event: 1.424 Loading class com/sun/org/apache/xalan/internal/utils/XMLSecurityPropertyManager$Property
Event: 1.425 Loading class com/sun/org/apache/xalan/internal/utils/XMLSecurityPropertyManager$Property done
Event: 1.425 Loading class jdk/xml/internal/XMLSecurityManager
Event: 1.425 Loading class jdk/xml/internal/XMLSecurityManager done
Event: 1.425 Loading class jdk/xml/internal/XMLSecurityManager$Limit
Event: 1.425 Loading class jdk/xml/internal/XMLSecurityManager$Limit done
Event: 1.425 Loading class jdk/xml/internal/XMLSecurityManager$Processor
Event: 1.425 Loading class jdk/xml/internal/XMLSecurityManager$Processor done
Event: 1.425 Loading class jdk/xml/internal/XMLSecurityManager$NameMap
Event: 1.425 Loading class jdk/xml/internal/XMLSecurityManager$NameMap done
Event: 1.425 Loading class jdk/xml/internal/JdkProperty
Event: 1.425 Loading class jdk/xml/internal/JdkProperty done
Event: 1.446 Loading class java/io/NotSerializableException
Event: 1.446 Loading class java/io/ObjectStreamException
Event: 1.446 Loading class java/io/ObjectStreamException done
Event: 1.446 Loading class java/io/NotSerializableException done
Event: 1.460 Loading class java/util/RegularEnumSet$EnumSetIterator
Event: 1.460 Loading class java/util/RegularEnumSet$EnumSetIterator done
Event: 1.477 Loading class java/lang/CloneNotSupportedException
Event: 1.477 Loading class java/lang/CloneNotSupportedException done

Classes unloaded (0 events):
No events

Classes redefined (0 events):
No events

Internal exceptions (20 events):
Event: 1.088 Thread 0x0000018fe7c73630 Exception <a 'java/lang/NoSuchMethodError'{0x000000008a8044a0}: 'java.lang.Object java.lang.invoke.DirectMethodHandle$Holder.invokeSpecial(java.lang.Object, java.lang.Object, java.lang.Object, java.lang.Object, java.lang.Object, java.lang.Object, java.lang.Object, int)'> (0x000000008a8044a0) 
thrown [s\open\src\hotspot\share\interpreter\linkResolver.cpp, line 773]
Event: 1.133 Thread 0x0000018fe7c73630 Exception <a 'java/lang/NoSuchMethodError'{0x000000008a726a70}: 'int java.lang.invoke.DirectMethodHandle$Holder.invokeInterface(java.lang.Object, java.lang.Object)'> (0x000000008a726a70) 
thrown [s\open\src\hotspot\share\interpreter\linkResolver.cpp, line 773]
Event: 1.141 Thread 0x0000018fe7c73630 Exception <a 'java/lang/NoSuchMethodError'{0x000000008a74b3a0}: 'void java.lang.invoke.DirectMethodHandle$Holder.invokeSpecial(java.lang.Object, java.lang.Object, java.lang.Object, java.lang.Object, java.lang.Object)'> (0x000000008a74b3a0) 
thrown [s\open\src\hotspot\share\interpreter\linkResolver.cpp, line 773]
Event: 1.184 Thread 0x0000018fe7c73630 Exception <a 'java/lang/NoSuchMethodError'{0x000000008a623570}: 'java.lang.Object java.lang.invoke.DirectMethodHandle$Holder.invokeSpecial(java.lang.Object, java.lang.Object, java.lang.Object, int, java.lang.Object)'> (0x000000008a623570) 
thrown [s\open\src\hotspot\share\interpreter\linkResolver.cpp, line 773]
Event: 1.185 Thread 0x0000018fe7c73630 Exception <a 'java/lang/NoSuchMethodError'{0x000000008a62ae60}: 'java.lang.Object java.lang.invoke.DirectMethodHandle$Holder.newInvokeSpecial(java.lang.Object, java.lang.Object, java.lang.Object, int, java.lang.Object)'> (0x000000008a62ae60) 
thrown [s\open\src\hotspot\share\interpreter\linkResolver.cpp, line 773]
Event: 1.185 Thread 0x0000018fe7c73630 Exception <a 'java/lang/NoSuchMethodError'{0x000000008a632318}: 'java.lang.Object java.lang.invoke.Invokers$Holder.linkToTargetMethod(java.lang.Object, java.lang.Object, int, java.lang.Object, java.lang.Object)'> (0x000000008a632318) 
thrown [s\open\src\hotspot\share\interpreter\linkResolver.cpp, line 773]
Event: 1.187 Thread 0x0000018fe7c73630 Exception <a 'java/lang/NoSuchMethodError'{0x000000008a6402c0}: 'java.lang.Object java.lang.invoke.DirectMethodHandle$Holder.newInvokeSpecial(java.lang.Object, int, java.lang.Object)'> (0x000000008a6402c0) 
thrown [s\open\src\hotspot\share\interpreter\linkResolver.cpp, line 773]
Event: 1.187 Thread 0x0000018fe7c73630 Exception <a 'java/lang/NoSuchMethodError'{0x000000008a644f20}: 'int java.lang.invoke.DirectMethodHandle$Holder.invokeSpecialIFC(java.lang.Object, java.lang.Object, java.lang.Object, java.lang.Object)'> (0x000000008a644f20) 
thrown [s\open\src\hotspot\share\interpreter\linkResolver.cpp, line 773]
Event: 1.216 Thread 0x0000018fe7c73630 Exception <a 'java/lang/NoSuchMethodError'{0x000000008a508bf8}: 'void java.lang.invoke.DirectMethodHandle$Holder.invokeInterface(java.lang.Object, java.lang.Object, java.lang.Object)'> (0x000000008a508bf8) 
thrown [s\open\src\hotspot\share\interpreter\linkResolver.cpp, line 773]
Event: 1.244 Thread 0x0000018fe7c73630 Exception <a 'java/lang/NoSuchMethodError'{0x000000008a5a4f40}: 'void java.lang.invoke.DirectMethodHandle$Holder.invokeStaticInit(java.lang.Object, java.lang.Object, java.lang.Object)'> (0x000000008a5a4f40) 
thrown [s\open\src\hotspot\share\interpreter\linkResolver.cpp, line 773]
Event: 1.251 Thread 0x0000018fe7c73630 Exception <a 'java/lang/NoSuchMethodError'{0x000000008a5eadf0}: 'java.lang.Object java.lang.invoke.DirectMethodHandle$Holder.invokeVirtual(java.lang.Object, java.lang.Object, java.lang.Object)'> (0x000000008a5eadf0) 
thrown [s\open\src\hotspot\share\interpreter\linkResolver.cpp, line 773]
Event: 1.259 Thread 0x0000018fe7c73630 Exception <a 'java/lang/NoSuchMethodError'{0x000000008a40b468}: 'java.lang.Object java.lang.invoke.DirectMethodHandle$Holder.invokeStatic(java.lang.Object, long, java.lang.Object)'> (0x000000008a40b468) 
thrown [s\open\src\hotspot\share\interpreter\linkResolver.cpp, line 773]
Event: 1.260 Thread 0x0000018fe7c73630 Exception <a 'java/lang/NoSuchMethodError'{0x000000008a40eac0}: 'java.lang.Object java.lang.invoke.DirectMethodHandle$Holder.invokeStaticInit(java.lang.Object, long, java.lang.Object)'> (0x000000008a40eac0) 
thrown [s\open\src\hotspot\share\interpreter\linkResolver.cpp, line 773]
Event: 1.263 Thread 0x0000018fe7c73630 Exception <a 'java/lang/NoSuchMethodError'{0x000000008a414268}: 'java.lang.Object java.lang.invoke.DirectMethodHandle$Holder.newInvokeSpecial(java.lang.Object, long)'> (0x000000008a414268) 
thrown [s\open\src\hotspot\share\interpreter\linkResolver.cpp, line 773]
Event: 1.297 Thread 0x0000018fe7c73630 Exception <a 'java/lang/NoSuchMethodError'{0x000000008a46d378}: 'void java.lang.invoke.DirectMethodHandle$Holder.invokeVirtual(java.lang.Object, java.lang.Object, java.lang.Object, java.lang.Object)'> (0x000000008a46d378) 
thrown [s\open\src\hotspot\share\interpreter\linkResolver.cpp, line 773]
Event: 1.355 Thread 0x0000018fe7de5c30 Exception <a 'java/lang/NoClassDefFoundError'{0x000000008a3ff408}: jakarta/validation/Validation> (0x000000008a3ff408) 
thrown [s\open\src\hotspot\share\classfile\systemDictionary.cpp, line 301]
Event: 1.355 Thread 0x0000018fe7c73630 Exception <a 'java/lang/IncompatibleClassChangeError'{0x000000008a2048d0}: Found class java.lang.Object, but interface was expected> (0x000000008a2048d0) 
thrown [s\open\src\hotspot\share\interpreter\linkResolver.cpp, line 840]
Event: 1.365 Thread 0x0000018fe7c73630 Exception <a 'java/lang/NoSuchMethodError'{0x000000008a21dda8}: 'java.lang.Object java.lang.invoke.DirectMethodHandle$Holder.invokeStaticInit(java.lang.Object, int)'> (0x000000008a21dda8) 
thrown [s\open\src\hotspot\share\interpreter\linkResolver.cpp, line 773]
Event: 1.371 Thread 0x0000018fe7c73630 Exception <a 'java/lang/NoSuchMethodError'{0x000000008a261d38}: 'java.lang.Object java.lang.invoke.DirectMethodHandle$Holder.invokeStatic(java.lang.Object, int, java.lang.Object)'> (0x000000008a261d38) 
thrown [s\open\src\hotspot\share\interpreter\linkResolver.cpp, line 773]
Event: 1.371 Thread 0x0000018fe7c73630 Exception <a 'java/lang/NoSuchMethodError'{0x000000008a265388}: 'java.lang.Object java.lang.invoke.DirectMethodHandle$Holder.invokeStaticInit(java.lang.Object, int, java.lang.Object)'> (0x000000008a265388) 
thrown [s\open\src\hotspot\share\interpreter\linkResolver.cpp, line 773]

ZGC Phase Switch (0 events):
No events

VM Operations (18 events):
Event: 0.190 Executing VM operation: HandshakeAllThreads (Deoptimize)
Event: 0.190 Executing VM operation: HandshakeAllThreads (Deoptimize) done
Event: 0.314 Executing VM operation: HandshakeAllThreads (Deoptimize)
Event: 0.314 Executing VM operation: HandshakeAllThreads (Deoptimize) done
Event: 0.651 Executing VM operation: G1CollectForAllocation (G1 Evacuation Pause)
Event: 0.656 Executing VM operation: G1CollectForAllocation (G1 Evacuation Pause) done
Event: 0.681 Executing VM operation: HandshakeAllThreads (Deoptimize)
Event: 0.681 Executing VM operation: HandshakeAllThreads (Deoptimize) done
Event: 0.865 Executing VM operation: HandshakeAllThreads (Deoptimize)
Event: 0.865 Executing VM operation: HandshakeAllThreads (Deoptimize) done
Event: 1.059 Executing VM operation: G1CollectForAllocation (G1 Evacuation Pause)
Event: 1.064 Executing VM operation: G1CollectForAllocation (G1 Evacuation Pause) done
Event: 1.156 Executing VM operation: HandshakeAllThreads (Deoptimize)
Event: 1.156 Executing VM operation: HandshakeAllThreads (Deoptimize) done
Event: 1.340 Executing VM operation: HandshakeAllThreads (Deoptimize)
Event: 1.340 Executing VM operation: HandshakeAllThreads (Deoptimize) done
Event: 1.344 Executing VM operation: HandshakeAllThreads (Deoptimize)
Event: 1.344 Executing VM operation: HandshakeAllThreads (Deoptimize) done

Events (15 events):
Event: 0.034 Thread 0x0000018f83955380 Thread added: 0x0000018f83955380
Event: 0.057 Thread 0x0000018fa1b53ee0 Thread added: 0x0000018fa1b53ee0
Event: 0.057 Thread 0x0000018fa1b553a0 Thread added: 0x0000018fa1b553a0
Event: 0.058 Thread 0x0000018fa1b59d40 Thread added: 0x0000018fa1b59d40
Event: 0.058 Thread 0x0000018fa1b5aa20 Thread added: 0x0000018fa1b5aa20
Event: 0.058 Thread 0x0000018fa1b5f490 Thread added: 0x0000018fa1b5f490
Event: 0.058 Thread 0x0000018fa1b65010 Thread added: 0x0000018fa1b65010
Event: 0.058 Thread 0x0000018fa1b68e10 Thread added: 0x0000018fa1b68e10
Event: 0.058 Thread 0x0000018fa1b6b6e0 Thread added: 0x0000018fa1b6b6e0
Event: 0.148 Thread 0x0000018fe70e8580 Thread added: 0x0000018fe70e8580
Event: 0.154 Thread 0x0000018fe71100d0 Thread added: 0x0000018fe71100d0
Event: 0.181 Thread 0x0000018fe7149a80 Thread added: 0x0000018fe7149a80
Event: 0.784 Thread 0x0000018fe7c1b410 Thread added: 0x0000018fe7c1b410
Event: 0.786 Thread 0x0000018fe7c73630 Thread added: 0x0000018fe7c73630
Event: 1.352 Thread 0x0000018fe7de5c30 Thread added: 0x0000018fe7de5c30


Dynamic libraries:
0x00007ff6c3b00000 - 0x00007ff6c3b10000 	C:\Program Files\Java\jdk-21\bin\javaw.exe
0x00007ff873770000 - 0x00007ff873968000 	C:\Windows\SYSTEM32\ntdll.dll
0x00007ff871d50000 - 0x00007ff871e11000 	C:\Windows\System32\KERNEL32.DLL
0x00007ff871280000 - 0x00007ff87157d000 	C:\Windows\System32\KERNELBASE.dll
0x00007ff871180000 - 0x00007ff871280000 	C:\Windows\System32\ucrtbase.dll
0x00007ff865b30000 - 0x00007ff865b49000 	C:\Program Files\Java\jdk-21\bin\jli.dll
0x00007ff8718c0000 - 0x00007ff871970000 	C:\Windows\System32\ADVAPI32.dll
0x00007ff873690000 - 0x00007ff87372e000 	C:\Windows\System32\msvcrt.dll
0x00007ff872c90000 - 0x00007ff872d30000 	C:\Windows\System32\sechost.dll
0x00007ff871970000 - 0x00007ff871a93000 	C:\Windows\System32\RPCRT4.dll
0x00007ff871580000 - 0x00007ff8715a7000 	C:\Windows\System32\bcrypt.dll
0x00007ff8728e0000 - 0x00007ff872a7d000 	C:\Windows\System32\USER32.dll
0x00007ff871770000 - 0x00007ff871792000 	C:\Windows\System32\win32u.dll
0x00007ff872d90000 - 0x00007ff872dbb000 	C:\Windows\System32\GDI32.dll
0x00007ff8715b0000 - 0x00007ff8716c7000 	C:\Windows\System32\gdi32full.dll
0x00007ff8716d0000 - 0x00007ff87176d000 	C:\Windows\System32\msvcp_win.dll
0x00007ff865b10000 - 0x00007ff865b2b000 	C:\Program Files\Java\jdk-21\bin\VCRUNTIME140.dll
0x00007ff856d50000 - 0x00007ff856fea000 	C:\Windows\WinSxS\amd64_microsoft.windows.common-controls_6595b64144ccf1df_6.0.19041.4355_none_60b8b9eb71f62e16\COMCTL32.dll
0x00007ff85d950000 - 0x00007ff85d95a000 	C:\Windows\SYSTEM32\VERSION.dll
0x00007ff872820000 - 0x00007ff87284f000 	C:\Windows\System32\IMM32.DLL
0x00007ff86aee0000 - 0x00007ff86aeec000 	C:\Program Files\Java\jdk-21\bin\vcruntime140_1.dll
0x00007ff838b80000 - 0x00007ff838c0e000 	C:\Program Files\Java\jdk-21\bin\msvcp140.dll
0x00007fffe07d0000 - 0x00007fffe14e7000 	C:\Program Files\Java\jdk-21\bin\server\jvm.dll
0x00007ff872e90000 - 0x00007ff872efb000 	C:\Windows\System32\WS2_32.dll
0x00007ff8703a0000 - 0x00007ff8703eb000 	C:\Windows\SYSTEM32\POWRPROF.dll
0x00007ff86c400000 - 0x00007ff86c427000 	C:\Windows\SYSTEM32\WINMM.dll
0x00007ff870210000 - 0x00007ff870222000 	C:\Windows\SYSTEM32\UMPDC.dll
0x00007ff86f630000 - 0x00007ff86f642000 	C:\Windows\SYSTEM32\kernel.appcore.dll
0x00007ff86c870000 - 0x00007ff86c87a000 	C:\Program Files\Java\jdk-21\bin\jimage.dll
0x00007ff85b670000 - 0x00007ff85b854000 	C:\Windows\SYSTEM32\DBGHELP.DLL
0x00007ff85b440000 - 0x00007ff85b474000 	C:\Windows\SYSTEM32\dbgcore.DLL
0x00007ff870e70000 - 0x00007ff870ef2000 	C:\Windows\System32\bcryptPrimitives.dll
0x00007ff865f90000 - 0x00007ff865faf000 	C:\Program Files\Java\jdk-21\bin\java.dll
0x00007ff872f00000 - 0x00007ff87366f000 	C:\Windows\System32\SHELL32.dll
0x00007ff86ee70000 - 0x00007ff86f60f000 	C:\Windows\SYSTEM32\windows.storage.dll
0x00007ff8724c0000 - 0x00007ff872813000 	C:\Windows\System32\combase.dll
0x00007ff870840000 - 0x00007ff87086e000 	C:\Windows\SYSTEM32\Wldp.dll
0x00007ff872dc0000 - 0x00007ff872e8d000 	C:\Windows\System32\OLEAUT32.dll
0x00007ff871ca0000 - 0x00007ff871d4d000 	C:\Windows\System32\SHCORE.dll
0x00007ff872a80000 - 0x00007ff872ad5000 	C:\Windows\System32\shlwapi.dll
0x00007ff870d50000 - 0x00007ff870d74000 	C:\Windows\SYSTEM32\profapi.dll
0x00007ff85a4a0000 - 0x00007ff85a577000 	C:\Program Files\Java\jdk-21\bin\jsvml.dll
0x00007ff86c1d0000 - 0x00007ff86c1e0000 	C:\Program Files\Java\jdk-21\bin\net.dll
0x00007ff867910000 - 0x00007ff867a1d000 	C:\Windows\SYSTEM32\WINHTTP.dll
0x00007ff8705a0000 - 0x00007ff87060a000 	C:\Windows\system32\mswsock.dll
0x00007ff865b70000 - 0x00007ff865b86000 	C:\Program Files\Java\jdk-21\bin\nio.dll
0x00007ff865b50000 - 0x00007ff865b68000 	C:\Program Files\Java\jdk-21\bin\zip.dll
0x00007ff868510000 - 0x00007ff86851a000 	C:\Program Files\Java\jdk-21\bin\management.dll
0x00007ff865f80000 - 0x00007ff865f8b000 	C:\Program Files\Java\jdk-21\bin\management_ext.dll
0x00007ff871f50000 - 0x00007ff871f58000 	C:\Windows\System32\PSAPI.DLL

dbghelp: loaded successfully - version: 4.0.5 - missing functions: none
symbol engine: initialized successfully - sym options: 0x614 - pdb path: .;C:\Program Files\Java\jdk-21\bin;C:\Windows\SYSTEM32;C:\Windows\WinSxS\amd64_microsoft.windows.common-controls_6595b64144ccf1df_6.0.19041.4355_none_60b8b9eb71f62e16;C:\Program Files\Java\jdk-21\bin\server

VM Arguments:
jvm_args: -Dfile.encoding=UTF-8 -Dstdout.encoding=UTF-8 -Dstderr.encoding=UTF-8 -XX:+ShowCodeDetailsInExceptionMessages 
java_command: com.main.e_commerce.ECommerceApplication
java_class_path (initial): D:\JAVA Workspace\e-commerce\target\classes;C:\Users\saiku\.m2\repository\org\springframework\boot\spring-boot-starter-data-jpa\3.3.3\spring-boot-starter-data-jpa-3.3.3.jar;C:\Users\saiku\.m2\repository\org\springframework\boot\spring-boot-starter-aop\3.3.3\spring-boot-starter-aop-3.3.3.jar;C:\Users\saiku\.m2\repository\org\springframework\spring-aop\6.1.12\spring-aop-6.1.12.jar;C:\Users\saiku\.m2\repository\org\aspectj\aspectjweaver\1.9.22.1\aspectjweaver-1.9.22.1.jar;C:\Users\saiku\.m2\repository\org\springframework\boot\spring-boot-starter-jdbc\3.3.3\spring-boot-starter-jdbc-3.3.3.jar;C:\Users\saiku\.m2\repository\com\zaxxer\HikariCP\5.1.0\HikariCP-5.1.0.jar;C:\Users\saiku\.m2\repository\org\springframework\spring-jdbc\6.1.12\spring-jdbc-6.1.12.jar;C:\Users\saiku\.m2\repository\org\hibernate\orm\hibernate-core\6.5.2.Final\hibernate-core-6.5.2.Final.jar;C:\Users\saiku\.m2\repository\jakarta\persistence\jakarta.persistence-api\3.1.0\jakarta.persistence-api-3.1.0.jar;C:\Users\saiku\.m2\repository\jakarta\transaction\jakarta.transaction-api\2.0.1\jakarta.transaction-api-2.0.1.jar;C:\Users\saiku\.m2\repository\org\jboss\logging\jboss-logging\3.5.3.Final\jboss-logging-3.5.3.Final.jar;C:\Users\saiku\.m2\repository\org\hibernate\common\hibernate-commons-annotations\6.0.6.Final\hibernate-commons-annotations-6.0.6.Final.jar;C:\Users\saiku\.m2\repository\io\smallrye\jandex\3.1.2\jandex-3.1.2.jar;C:\Users\saiku\.m2\repository\com\fasterxml\classmate\1.7.0\classmate-1.7.0.jar;C:\Users\saiku\.m2\repository\net\bytebuddy\byte-buddy\1.14.19\byte-buddy-1.14.19.jar;C:\Users\saiku\.m2\repository\org\glassfish\jaxb\jaxb-runtime\4.0.5\jaxb-runtime-4.0.5.jar;C:\Users\saiku\.m2\repository\org\glassfish\jaxb\jaxb-core\4.0.5\jaxb-core-4.0.5.jar;C:\Users\saiku\.m2\repository\org\eclipse\angus\angus-activation\2.0.2\angus-activation-2.0.2.jar;C:\Users\saiku\.m2\repository\org\glassfish\jaxb\txw2\4.0.5\txw2-4.0.5.jar;C:\Users\saiku\.m2\repository\com\sun\istack\istack-commons-runtime\4.1.2\istack-commons-runtime-4.1.2.jar;C:\Users\saiku\.m2\repository\jakarta\inject\jakarta.inject-api\2.0.1\jakarta.inject-api-2.0.1.jar;C:\Users\saiku\.m2\repository\org\antlr\antlr4-runtime\4.13.0\antlr4-runtime-4.13.0.jar;C:\Users\saiku\.m2\repository\org\springframework\data\spring-data-jpa\3.3.3\spring-data-jpa-3.3.3.jar;C:\Users\saiku\.m2\repository\org\springframework\data\spring-data-commons\3.3.3\spring-data-commons-3.3.3.jar;C:\Users\saiku\.m2\repository\org\springframework\spring-orm\6.1.12\spring-orm-6.1.12.jar;C:\Users\saiku\.m2\repository\org\springframework\spring-context\6.1.12\spring-context-6.1.12.jar;C:\Users\saiku\.m2\repository\org\springframework\spring-tx\6.1.12\spring-tx-6.1.12.jar;C:\Users\saiku\.m2\repository\org\springframework\spring-beans\6.1.12\spring-beans-6.1.12.jar;C:\Users\saiku\.m2\repository\jakarta\annotation\jakarta.annotation-api\2.1.1\jakarta.annotation-api-2.1.1.jar;C:\Users\saiku\.m2\repository\org\slf4j\slf4j-api\2.0.16\slf4j-api-2.0.16.jar;C:\Users\saiku\.m2\repository\org\springframework\spring-aspects\6.1.12\spring-aspects-6.1.12.jar;C:\Users\saiku\.m2\repository\org\springframework\boot\spring-boot-starter-web\3.3.3\spring-boot-starter-web-3.3.3.jar;C:\Users\saiku\.m2\repository\org\springframework\boot\spring-boot-starter\3.3.3\spring-boot-starter-3.3.3.jar;C:\Users\saiku\.m2\repository\org\springframework\boot\spring-boot-starter-logging\3.3.3\spring-boot-starter-logging-3.3.3.jar;C:\Users\saiku\.m2\repository\ch\qos\logback\logback-classic\1.5.7\logback-classic-1.5.7.jar;C:\Users\saiku\.m2\repository\ch\qos\logback\logback-core\1.5.7\logback-core-1.5.7.jar;C:\Users\saiku\.m2\repository\org\apache\logging\log4j\log4j-to-slf4j\2.23.1\log4j-to-slf4j-2.23.1.jar;C:\Users\saiku\.m2\repository\org\apache\logging\log4j\log4j-api\2.23.1\log4j-api-2.23.1.jar;C:\Users\saiku\.m2\repository\org\slf4j\jul-to-slf4j\2.0.16\jul-to-slf4j-2.0.16.jar;C:\Users\saiku\.m2\repository\org\yaml\snakeyaml\2.2\snakeyaml-2.2.jar;C:\Users\saiku\.m2\repository\org\springframework\boot\spring-boot-starter-json\3.3.3\spring-boot-starter-json-3.3.3.jar;C:\Users\saiku\.m2\repository\com\fasterxml\jackson\core\jackson-databind\2.17.2\jackson-databind-2.17.2.jar;C:\Users\saiku\.m2\repository\com\fasterxml\jackson\core\jackson-annotations\2.17.2\jackson-annotations-2.17.2.jar;C:\Users\saiku\.m2\repository\com\fasterxml\jackson\core\jackson-core\2.17.2\jackson-core-2.17.2.jar;C:\Users\saiku\.m2\repository\com\fasterxml\jackson\datatype\jackson-datatype-jdk8\2.17.2\jackson-datatype-jdk8-2.17.2.jar;C:\Users\saiku\.m2\repository\com\fasterxml\jackson\datatype\jackson-datatype-jsr310\2.17.2\jackson-datatype-jsr310-2.17.2.jar;C:\Users\saiku\.m2\repository\com\fasterxml\jackson\module\jackson-module-parameter-names\2.17.2\jackson-module-parameter-names-2.17.2.jar;C:\Users\saiku\.m2\repository\org\springframework\boot\spring-boot-starter-tomcat\3.3.3\spring-boot-starter-tomcat-3.3.3.jar;C:\Users\saiku\.m2\repository\org\apache\tomcat\embed\tomcat-embed-core\10.1.28\tomcat-embed-core-10.1.28.jar;C:\Users\saiku\.m2\repository\org\apache\tomcat\embed\tomcat-embed-el\10.1.28\tomcat-embed-el-10.1.28.jar;C:\Users\saiku\.m2\repository\org\apache\tomcat\embed\tomcat-embed-websocket\10.1.28\tomcat-embed-websocket-10.1.28.jar;C:\Users\saiku\.m2\repository\org\springframework\spring-web\6.1.12\spring-web-6.1.12.jar;C:\Users\saiku\.m2\repository\io\micrometer\micrometer-observation\1.13.3\micrometer-observation-1.13.3.jar;C:\Users\saiku\.m2\repository\io\micrometer\micrometer-commons\1.13.3\micrometer-commons-1.13.3.jar;C:\Users\saiku\.m2\repository\org\springframework\spring-webmvc\6.1.12\spring-webmvc-6.1.12.jar;C:\Users\saiku\.m2\repository\org\springframework\spring-expression\6.1.12\spring-expression-6.1.12.jar;C:\Users\saiku\.m2\repository\org\springframework\boot\spring-boot-devtools\3.3.3\spring-boot-devtools-3.3.3.jar;C:\Users\saiku\.m2\repository\org\springframework\boot\spring-boot\3.3.3\spring-boot-3.3.3.jar;C:\Users\saiku\.m2\repository\org\springframework\boot\spring-boot-autoconfigure\3.3.3\spring-boot-autoconfigure-3.3.3.jar;C:\Users\saiku\.m2\repository\com\mysql\mysql-connector-j\8.3.0\mysql-connector-j-8.3.0.jar;C:\Users\saiku\.m2\repository\jakarta\xml\bind\jakarta.xml.bind-api\4.0.2\jakarta.xml.bind-api-4.0.2.jar;C:\Users\saiku\.m2\repository\jakarta\activation\jakarta.activation-api\2.1.3\jakarta.activation-api-2.1.3.jar;C:\Users\saiku\.m2\repository\org\springframework\spring-core\6.1.12\spring-core-6.1.12.jar;C:\Users\saiku\.m2\repository\org\springframework\spring-jcl\6.1.12\spring-jcl-6.1.12.jar
Launcher Type: SUN_STANDARD

[Global flags]
     intx CICompilerCount                          = 3                                         {product} {ergonomic}
     uint ConcGCThreads                            = 1                                         {product} {ergonomic}
     uint G1ConcRefinementThreads                  = 4                                         {product} {ergonomic}
   size_t G1HeapRegionSize                         = 1048576                                   {product} {ergonomic}
    uintx GCDrainStackTargetSize                   = 64                                        {product} {ergonomic}
   size_t InitialHeapSize                          = 132120576                                 {product} {ergonomic}
   size_t MarkStackSize                            = 4194304                                   {product} {ergonomic}
   size_t MaxHeapSize                              = 2101346304                                {product} {ergonomic}
   size_t MaxNewSize                               = 1260388352                                {product} {ergonomic}
   size_t MinHeapDeltaBytes                        = 1048576                                   {product} {ergonomic}
   size_t MinHeapSize                              = 8388608                                   {product} {ergonomic}
    uintx NonNMethodCodeHeapSize                   = 5832780                                {pd product} {ergonomic}
    uintx NonProfiledCodeHeapSize                  = 122912730                              {pd product} {ergonomic}
    uintx ProfiledCodeHeapSize                     = 122912730                              {pd product} {ergonomic}
    uintx ReservedCodeCacheSize                    = 251658240                              {pd product} {ergonomic}
     bool SegmentedCodeCache                       = true                                      {product} {ergonomic}
     bool ShowCodeDetailsInExceptionMessages       = true                                   {manageable} {command line}
   size_t SoftMaxHeapSize                          = 2101346304                             {manageable} {ergonomic}
     bool UseCompressedOops                        = true                           {product lp64_product} {ergonomic}
     bool UseG1GC                                  = true                                      {product} {ergonomic}
     bool UseLargePagesIndividualAllocation        = false                                  {pd product} {ergonomic}

Logging:
Log output configuration:
 #0: stdout all=warning uptime,level,tags foldmultilines=false
 #1: stderr all=off uptime,level,tags foldmultilines=false

Environment Variables:
PATH=C:/Program Files/Java/jdk-21/bin/server;C:/Program Files/Java/jdk-21/bin;C:\Program Files\Common Files\Oracle\Java\javapath;C:\Windows\system32;C:\Windows;C:\Windows\System32\Wbem;C:\Windows\System32\WindowsPowerShell\v1.0\;C:\Windows\System32\OpenSSH\;C:\Program Files\Git\cmd;C:\Users\saiku\AppData\Local\Microsoft\WindowsApps;C:\Program Files\Azure Data Studio\bin;C:\Users\saiku\AppData\Local\GitHubDesktop\bin;C:\Users\saiku\eclipse\jee-2023-12\eclipse;
USERNAME=saiku
OS=Windows_NT
PROCESSOR_IDENTIFIER=Intel64 Family 6 Model 78 Stepping 3, GenuineIntel
TMP=C:\Users\saiku\AppData\Local\Temp
TEMP=C:\Users\saiku\AppData\Local\Temp




Periodic native trim disabled

---------------  S Y S T E M  ---------------

OS:
 Windows 10 , 64 bit Build 19041 (10.0.19041.4717)
OS uptime: 4 days 10:30 hours

CPU: total 4 (initial active 4) (2 cores per cpu, 2 threads per core) family 6 model 78 stepping 3 microcode 0xec, cx8, cmov, fxsr, ht, mmx, 3dnowpref, sse, sse2, sse3, ssse3, sse4.1, sse4.2, popcnt, lzcnt, tsc, tscinvbit, avx, avx2, aes, erms, clmul, bmi1, bmi2, rtm, adx, fma, vzeroupper, clflush, clflushopt, rdtscp, f16c
Processor Information for all 4 processors :
  Max Mhz: 2496, Current Mhz: 2396, Mhz Limit: 2396

Memory: 4k page, system-wide physical 8010M (911M free)
TotalPageFile size 10058M (AvailPageFile size 3M)
current process WorkingSet (physical memory assigned to process): 86M, peak: 86M
current process commit charge ("private bytes"): 224M, peak: 225M

vm_info: Java HotSpot(TM) 64-Bit Server VM (21.0.2+13-LTS-58) for windows-amd64 JRE (21.0.2+13-LTS-58), built on 2024-01-05T18:32:24Z by "mach5one" with MS VC++ 17.1 (VS2022)

END.
